SF:/code/git-metrics/src/backend/command.rs
FN:36,_RNvXNtNtCsbwBEBaEzfvW_11git_metrics7backend7commandNtB2_5ErrorNtNtB6_5error13DetailedError7details
FN:54,_RNvMs_NtNtCsbwBEBaEzfvW_11git_metrics7backend7commandNtB4_14CommandBackend3new
FN:60,_RNvMs0_NtNtCsbwBEBaEzfvW_11git_metrics7backend7commandNtB5_14CommandBackend3cmd
FN:72,_RNvXs1_NtNtCsbwBEBaEzfvW_11git_metrics7backend7commandNtB5_14CommandBackendNtB7_7Backend8rev_list
FN:80,_RNCNvXs1_NtNtCsbwBEBaEzfvW_11git_metrics7backend7commandNtB7_14CommandBackendNtB9_7Backend8rev_list0Bb_
FN:90,_RNvXs1_NtNtCsbwBEBaEzfvW_11git_metrics7backend7commandNtB5_14CommandBackendNtB7_7Backend9rev_parse
FN:96,_RNCNvXs1_NtNtCsbwBEBaEzfvW_11git_metrics7backend7commandNtB7_14CommandBackendNtB9_7Backend9rev_parse0Bb_
FN:98,_RNCNvXs1_NtNtCsbwBEBaEzfvW_11git_metrics7backend7commandNtB7_14CommandBackendNtB9_7Backend9rev_parses_0Bb_
FN:116,_RNvXs1_NtNtCsbwBEBaEzfvW_11git_metrics7backend7commandNtB5_14CommandBackendNtB7_7Backend10list_notes
FN:129,_RNCNvXs1_NtNtCsbwBEBaEzfvW_11git_metrics7backend7commandNtB7_14CommandBackendNtB9_7Backend10list_notes0Bb_
FN:131,_RNCNCNvXs1_NtNtCsbwBEBaEzfvW_11git_metrics7backend7commandNtB9_14CommandBackendNtBb_7Backend10list_notes00Bd_
FN:144,_RNvXs1_NtNtCsbwBEBaEzfvW_11git_metrics7backend7commandNtB5_14CommandBackendNtB7_7Backend11remove_note
FN:163,_RINvXs1_NtNtCsbwBEBaEzfvW_11git_metrics7backend7commandNtB6_14CommandBackendNtB8_7Backend9read_noteNtNtBa_7service10ChangeListEBa_
FN:163,_RINvXs1_NtNtCsbwBEBaEzfvW_11git_metrics7backend7commandNtB6_14CommandBackendNtB8_7Backend9read_noteNtNtBa_7service10MetricListEBa_
FN:192,_RINvXs1_NtNtCsbwBEBaEzfvW_11git_metrics7backend7commandNtB6_14CommandBackendNtB8_7Backend10write_noteNtNtBa_7service10ChangeListEBa_
FN:192,_RINvXs1_NtNtCsbwBEBaEzfvW_11git_metrics7backend7commandNtB6_14CommandBackendNtB8_7Backend10write_noteNtNtBa_7service10MetricListEBa_
FN:221,_RNvXs1_NtNtCsbwBEBaEzfvW_11git_metrics7backend7commandNtB5_14CommandBackendNtB7_7Backend4pull
FN:245,_RNvXs1_NtNtCsbwBEBaEzfvW_11git_metrics7backend7commandNtB5_14CommandBackendNtB7_7Backend4push
FN:265,_RNvXs1_NtNtCsbwBEBaEzfvW_11git_metrics7backend7commandNtB5_14CommandBackendNtB7_7Backend11get_commits
FN:283,_RNCNvXs1_NtNtCsbwBEBaEzfvW_11git_metrics7backend7commandNtB7_14CommandBackendNtB9_7Backend11get_commits0Bb_
FN:284,_RNCNvXs1_NtNtCsbwBEBaEzfvW_11git_metrics7backend7commandNtB7_14CommandBackendNtB9_7Backend11get_commitss_0Bb_
FN:285,_RNCNvXs1_NtNtCsbwBEBaEzfvW_11git_metrics7backend7commandNtB7_14CommandBackendNtB9_7Backend11get_commitss0_0Bb_
FN:286,_RNCNCNvXs1_NtNtCsbwBEBaEzfvW_11git_metrics7backend7commandNtB9_14CommandBackendNtBb_7Backend11get_commitss0_00Bd_
FN:295,_RNvXs1_NtNtCsbwBEBaEzfvW_11git_metrics7backend7commandNtB5_14CommandBackendNtB7_7Backend9root_path
FN:7,_RNvXs4_NtNtCsbwBEBaEzfvW_11git_metrics7backend7commandNtB5_5ErrorNtNtCs2ke5FKHNm4X_4core3fmt7Display3fmt
FN:7,_RNvXs5_NtNtCsbwBEBaEzfvW_11git_metrics7backend7commandNtB5_5ErrorINtNtCs2ke5FKHNm4X_4core7convert4FromNtNtNtCsdxE0gjJwg7i_3std2io5error5ErrorE4from
FN:7,_RNvXs6_NtNtCsbwBEBaEzfvW_11git_metrics7backend7commandNtB5_5ErrorINtNtCs2ke5FKHNm4X_4core7convert4FromNtNtCs62jhQummP4p_4toml2de5ErrorE4from
FN:7,_RNvXs7_NtNtCsbwBEBaEzfvW_11git_metrics7backend7commandNtB5_5ErrorINtNtCs2ke5FKHNm4X_4core7convert4FromNtNtCs62jhQummP4p_4toml3ser5ErrorE4from
FN:7,_RNvXs3_NtNtCsbwBEBaEzfvW_11git_metrics7backend7commandNtB5_5ErrorNtNtCs2ke5FKHNm4X_4core5error5Error6source
FNDA:1,_RNvXNtNtCsbwBEBaEzfvW_11git_metrics7backend7commandNtB2_5ErrorNtNtB6_5error13DetailedError7details
FNDA:35,_RNvMs_NtNtCsbwBEBaEzfvW_11git_metrics7backend7commandNtB4_14CommandBackend3new
FNDA:133,_RNvMs0_NtNtCsbwBEBaEzfvW_11git_metrics7backend7commandNtB5_14CommandBackend3cmd
FNDA:6,_RNvXs1_NtNtCsbwBEBaEzfvW_11git_metrics7backend7commandNtB5_14CommandBackendNtB7_7Backend8rev_list
FNDA:19,_RNCNvXs1_NtNtCsbwBEBaEzfvW_11git_metrics7backend7commandNtB7_14CommandBackendNtB9_7Backend8rev_list0Bb_
FNDA:5,_RNvXs1_NtNtCsbwBEBaEzfvW_11git_metrics7backend7commandNtB5_14CommandBackendNtB7_7Backend9rev_parse
FNDA:10,_RNCNvXs1_NtNtCsbwBEBaEzfvW_11git_metrics7backend7commandNtB7_14CommandBackendNtB9_7Backend9rev_parse0Bb_
FNDA:1,_RNCNvXs1_NtNtCsbwBEBaEzfvW_11git_metrics7backend7commandNtB7_14CommandBackendNtB9_7Backend9rev_parses_0Bb_
FNDA:7,_RNvXs1_NtNtCsbwBEBaEzfvW_11git_metrics7backend7commandNtB5_14CommandBackendNtB7_7Backend10list_notes
FNDA:14,_RNCNvXs1_NtNtCsbwBEBaEzfvW_11git_metrics7backend7commandNtB7_14CommandBackendNtB9_7Backend10list_notes0Bb_
FNDA:7,_RNCNCNvXs1_NtNtCsbwBEBaEzfvW_11git_metrics7backend7commandNtB9_14CommandBackendNtBb_7Backend10list_notes00Bd_
FNDA:3,_RNvXs1_NtNtCsbwBEBaEzfvW_11git_metrics7backend7commandNtB5_14CommandBackendNtB7_7Backend11remove_note
FNDA:42,_RINvXs1_NtNtCsbwBEBaEzfvW_11git_metrics7backend7commandNtB6_14CommandBackendNtB8_7Backend9read_noteNtNtBa_7service10ChangeListEBa_
FNDA:28,_RINvXs1_NtNtCsbwBEBaEzfvW_11git_metrics7backend7commandNtB6_14CommandBackendNtB8_7Backend9read_noteNtNtBa_7service10MetricListEBa_
FNDA:14,_RINvXs1_NtNtCsbwBEBaEzfvW_11git_metrics7backend7commandNtB6_14CommandBackendNtB8_7Backend10write_noteNtNtBa_7service10ChangeListEBa_
FNDA:4,_RINvXs1_NtNtCsbwBEBaEzfvW_11git_metrics7backend7commandNtB6_14CommandBackendNtB8_7Backend10write_noteNtNtBa_7service10MetricListEBa_
FNDA:6,_RNvXs1_NtNtCsbwBEBaEzfvW_11git_metrics7backend7commandNtB5_14CommandBackendNtB7_7Backend4pull
FNDA:4,_RNvXs1_NtNtCsbwBEBaEzfvW_11git_metrics7backend7commandNtB5_14CommandBackendNtB7_7Backend4push
FNDA:1,_RNvXs1_NtNtCsbwBEBaEzfvW_11git_metrics7backend7commandNtB5_14CommandBackendNtB7_7Backend11get_commits
FNDA:2,_RNCNvXs1_NtNtCsbwBEBaEzfvW_11git_metrics7backend7commandNtB7_14CommandBackendNtB9_7Backend11get_commits0Bb_
FNDA:2,_RNCNvXs1_NtNtCsbwBEBaEzfvW_11git_metrics7backend7commandNtB7_14CommandBackendNtB9_7Backend11get_commitss_0Bb_
FNDA:2,_RNCNvXs1_NtNtCsbwBEBaEzfvW_11git_metrics7backend7commandNtB7_14CommandBackendNtB9_7Backend11get_commitss0_0Bb_
FNDA:2,_RNCNCNvXs1_NtNtCsbwBEBaEzfvW_11git_metrics7backend7commandNtB9_14CommandBackendNtBb_7Backend11get_commitss0_00Bd_
FNDA:13,_RNvXs1_NtNtCsbwBEBaEzfvW_11git_metrics7backend7commandNtB5_14CommandBackendNtB7_7Backend9root_path
FNDA:1,_RNvXs4_NtNtCsbwBEBaEzfvW_11git_metrics7backend7commandNtB5_5ErrorNtNtCs2ke5FKHNm4X_4core3fmt7Display3fmt
FNDA:0,_RNvXs5_NtNtCsbwBEBaEzfvW_11git_metrics7backend7commandNtB5_5ErrorINtNtCs2ke5FKHNm4X_4core7convert4FromNtNtNtCsdxE0gjJwg7i_3std2io5error5ErrorE4from
FNDA:0,_RNvXs6_NtNtCsbwBEBaEzfvW_11git_metrics7backend7commandNtB5_5ErrorINtNtCs2ke5FKHNm4X_4core7convert4FromNtNtCs62jhQummP4p_4toml2de5ErrorE4from
FNDA:0,_RNvXs7_NtNtCsbwBEBaEzfvW_11git_metrics7backend7commandNtB5_5ErrorINtNtCs2ke5FKHNm4X_4core7convert4FromNtNtCs62jhQummP4p_4toml3ser5ErrorE4from
FNDA:0,_RNvXs3_NtNtCsbwBEBaEzfvW_11git_metrics7backend7commandNtB5_5ErrorNtNtCs2ke5FKHNm4X_4core5error5Error6source
FNF:23
FNH:23
DA:7,1
DA:36,1
DA:37,1
DA:38,0
DA:39,1
DA:40,1
DA:42,0
DA:43,0
DA:45,1
DA:54,35
DA:55,35
DA:56,35
DA:60,133
DA:61,133
DA:62,133
DA:63,133
DA:64,133
DA:65,133
DA:66,133
DA:72,6
DA:73,6
DA:74,6
DA:75,6
DA:76,6
DA:77,6
DA:78,6
DA:79,6
DA:80,19
DA:81,6
DA:82,6
DA:84,0
DA:85,0
DA:86,0
DA:88,6
DA:90,5
DA:91,5
DA:92,5
DA:93,5
DA:94,5
DA:95,5
DA:96,10
DA:97,5
DA:98,5
DA:99,1
DA:100,1
DA:101,1
DA:102,1
DA:104,4
DA:107,0
DA:110,0
DA:111,0
DA:112,0
DA:114,5
DA:116,7
DA:117,7
DA:118,7
DA:119,7
DA:120,7
DA:121,7
DA:122,7
DA:123,7
DA:124,7
DA:125,7
DA:126,7
DA:127,7
DA:128,7
DA:129,14
DA:130,14
DA:131,14
DA:132,7
DA:133,7
DA:134,14
DA:135,14
DA:136,7
DA:138,0
DA:139,0
DA:140,0
DA:142,7
DA:144,3
DA:145,3
DA:146,3
DA:147,3
DA:148,3
DA:149,3
DA:150,3
DA:151,3
DA:152,3
DA:153,3
DA:154,3
DA:155,3
DA:157,0
DA:158,0
DA:159,0
DA:161,3
DA:163,70
DA:164,70
DA:165,70
DA:166,70
DA:167,70
DA:168,70
DA:169,70
DA:170,70
DA:171,70
DA:172,70
DA:173,70
DA:174,70
DA:175,70
DA:176,70
DA:177,70
DA:178,37
DA:179,37
DA:180,37
DA:181,37
DA:183,33
DA:184,33
DA:185,33
DA:186,33
DA:187,0
DA:188,0
DA:190,70
DA:192,18
DA:193,18
DA:194,18
DA:195,18
DA:196,18
DA:197,18
DA:198,18
DA:199,18
DA:200,18
DA:201,18
DA:202,18
DA:203,18
DA:204,18
DA:205,18
DA:206,18
DA:207,18
DA:208,18
DA:209,18
DA:210,18
DA:212,18
DA:213,18
DA:215,0
DA:216,0
DA:217,0
DA:219,18
DA:221,6
DA:222,6
DA:223,6
DA:224,6
DA:225,6
DA:226,6
DA:227,6
DA:228,6
DA:229,6
DA:230,3
DA:232,3
DA:233,3
DA:235,3
DA:236,3
DA:238,0
DA:239,0
DA:240,0
DA:243,6
DA:245,4
DA:246,4
DA:248,4
DA:249,4
DA:250,4
DA:251,4
DA:252,4
DA:253,4
DA:255,4
DA:256,1
DA:257,1
DA:258,1
DA:259,1
DA:261,3
DA:263,4
DA:265,1
DA:266,1
DA:267,1
DA:268,1
DA:269,1
DA:270,1
DA:271,1
DA:273,1
DA:274,0
DA:275,0
DA:276,0
DA:277,0
DA:279,1
DA:280,1
DA:281,1
DA:282,1
DA:283,2
DA:284,2
DA:285,2
DA:286,2
DA:287,2
DA:288,2
DA:289,2
DA:290,2
DA:291,1
DA:293,1
DA:295,13
DA:296,13
DA:297,13
DA:298,13
DA:299,13
DA:300,13
DA:302,13
DA:303,0
DA:304,0
DA:305,0
DA:306,0
DA:308,13
DA:309,13
DA:310,13
DA:312,13
BRF:0
BRH:0
LF:232
LH:200
end_of_record
SF:/code/git-metrics/src/backend/git2.rs
FN:44,_RNvXNtNtCsbwBEBaEzfvW_11git_metrics7backend4git2NtB2_5ErrorNtNtB6_5error13DetailedError7details
FN:56,_RNvMs_NtNtCsbwBEBaEzfvW_11git_metrics7backend4git2NtB4_5Error4git2B8_
FN:61,_RNvMs_NtNtCsbwBEBaEzfvW_11git_metrics7backend4git2NtB4_5Error4raceB8_
FN:73,_RNvXs0_NtNtCsbwBEBaEzfvW_11git_metrics7backend4git2NtB5_14GitCredentialsINtNtCs2ke5FKHNm4X_4core7convert4FromNtNtB9_3cmd14GitCredentialsE4from
FN:87,_RNvMs1_NtNtCsbwBEBaEzfvW_11git_metrics7backend4git2NtB5_11Git2Backend3new
FN:98,_RNCNvMs1_NtNtCsbwBEBaEzfvW_11git_metrics7backend4git2NtB7_11Git2Backend3new0Bb_
FN:105,_RINvMs1_NtNtCsbwBEBaEzfvW_11git_metrics7backend4git2NtB6_11Git2Backend16with_credentialsNtNtBa_3cmd14GitCredentialsEBa_
FN:110,_RNvMs1_NtNtCsbwBEBaEzfvW_11git_metrics7backend4git2NtB5_11Git2Backend11revision_id
FN:114,_RNCNvMs1_NtNtCsbwBEBaEzfvW_11git_metrics7backend4git2NtB7_11Git2Backend11revision_id0Bb_
FN:115,_RNCNvMs1_NtNtCsbwBEBaEzfvW_11git_metrics7backend4git2NtB7_11Git2Backend11revision_ids_0Bb_
FN:121,_RNvMs1_NtNtCsbwBEBaEzfvW_11git_metrics7backend4git2NtB5_11Git2Backend9signature
FN:123,_RNCNvMs1_NtNtCsbwBEBaEzfvW_11git_metrics7backend4git2NtB7_11Git2Backend9signature0Bb_
FN:129,_RNvMs1_NtNtCsbwBEBaEzfvW_11git_metrics7backend4git2NtB5_11Git2Backend13authenticator
FN:147,_RNvXs2_NtNtCsbwBEBaEzfvW_11git_metrics7backend4git2NtB5_11Git2BackendNtB7_7Backend8rev_list
FN:161,_RNCNvXs2_NtNtCsbwBEBaEzfvW_11git_metrics7backend4git2NtB7_11Git2BackendNtB9_7Backend8rev_list0Bb_
FN:170,_RNCNvXs2_NtNtCsbwBEBaEzfvW_11git_metrics7backend4git2NtB7_11Git2BackendNtB9_7Backend8rev_lists_0Bb_
FN:174,_RNCNvXs2_NtNtCsbwBEBaEzfvW_11git_metrics7backend4git2NtB7_11Git2BackendNtB9_7Backend8rev_lists0_0Bb_
FN:211,_RNvXs2_NtNtCsbwBEBaEzfvW_11git_metrics7backend4git2NtB5_11Git2BackendNtB7_7Backend9rev_parse
FN:218,_RNCNvXs2_NtNtCsbwBEBaEzfvW_11git_metrics7backend4git2NtB7_11Git2BackendNtB9_7Backend9rev_parse0Bb_
FN:225,_RNCNvXs2_NtNtCsbwBEBaEzfvW_11git_metrics7backend4git2NtB7_11Git2BackendNtB9_7Backend9rev_parses_0Bb_
FN:229,_RNCNvXs2_NtNtCsbwBEBaEzfvW_11git_metrics7backend4git2NtB7_11Git2BackendNtB9_7Backend9rev_parses0_0Bb_
FN:241,_RNvXs2_NtNtCsbwBEBaEzfvW_11git_metrics7backend4git2NtB5_11Git2BackendNtB7_7Backend10list_notes
FN:254,_RNCNvXs2_NtNtCsbwBEBaEzfvW_11git_metrics7backend4git2NtB7_11Git2BackendNtB9_7Backend10list_notes0Bb_
FN:255,_RNCNvXs2_NtNtCsbwBEBaEzfvW_11git_metrics7backend4git2NtB7_11Git2BackendNtB9_7Backend10list_notess_0Bb_
FN:262,_RNvXs2_NtNtCsbwBEBaEzfvW_11git_metrics7backend4git2NtB5_11Git2BackendNtB7_7Backend11remove_note
FN:273,_RINvXs2_NtNtCsbwBEBaEzfvW_11git_metrics7backend4git2NtB6_11Git2BackendNtB8_7Backend9read_noteNtNtBa_7service10ChangeListEBa_
FN:273,_RINvXs2_NtNtCsbwBEBaEzfvW_11git_metrics7backend4git2NtB6_11Git2BackendNtB8_7Backend9read_noteNtNtBa_7service10MetricListEBa_
FN:287,_RNCINvXs2_NtNtCsbwBEBaEzfvW_11git_metrics7backend4git2NtB8_11Git2BackendNtBa_7Backend9read_noteNtNtBc_7service10ChangeListE0Bc_
FN:287,_RNCINvXs2_NtNtCsbwBEBaEzfvW_11git_metrics7backend4git2NtB8_11Git2BackendNtBa_7Backend9read_noteNtNtBc_7service10MetricListE0Bc_
FN:289,_RNCNCINvXs2_NtNtCsbwBEBaEzfvW_11git_metrics7backend4git2NtBa_11Git2BackendNtBc_7Backend9read_noteNtNtBe_7service10ChangeListE00Be_
FN:289,_RNCNCINvXs2_NtNtCsbwBEBaEzfvW_11git_metrics7backend4git2NtBa_11Git2BackendNtBc_7Backend9read_noteNtNtBe_7service10MetricListE00Be_
FN:294,_RNCINvXs2_NtNtCsbwBEBaEzfvW_11git_metrics7backend4git2NtB8_11Git2BackendNtBa_7Backend9read_noteNtNtBc_7service10ChangeListEs_0Bc_
FN:294,_RNCINvXs2_NtNtCsbwBEBaEzfvW_11git_metrics7backend4git2NtB8_11Git2BackendNtBa_7Backend9read_noteNtNtBc_7service10MetricListEs_0Bc_
FN:300,_RINvXs2_NtNtCsbwBEBaEzfvW_11git_metrics7backend4git2NtB6_11Git2BackendNtB8_7Backend10write_noteNtNtBa_7service10ChangeListEBa_
FN:300,_RINvXs2_NtNtCsbwBEBaEzfvW_11git_metrics7backend4git2NtB6_11Git2BackendNtB8_7Backend10write_noteNtNtBa_7service10MetricListEBa_
FN:311,_RNCINvXs2_NtNtCsbwBEBaEzfvW_11git_metrics7backend4git2NtB8_11Git2BackendNtBa_7Backend10write_noteNtNtBc_7service10ChangeListE0Bc_
FN:311,_RNCINvXs2_NtNtCsbwBEBaEzfvW_11git_metrics7backend4git2NtB8_11Git2BackendNtBa_7Backend10write_noteNtNtBc_7service10MetricListE0Bc_
FN:329,_RNvXs2_NtNtCsbwBEBaEzfvW_11git_metrics7backend4git2NtB5_11Git2BackendNtB7_7Backend4pull
FN:356,_RNvXs2_NtNtCsbwBEBaEzfvW_11git_metrics7backend4git2NtB5_11Git2BackendNtB7_7Backend4push
FN:368,_RNCNvXs2_NtNtCsbwBEBaEzfvW_11git_metrics7backend4git2NtB7_11Git2BackendNtB9_7Backend4push0Bb_
FN:385,_RNvXs2_NtNtCsbwBEBaEzfvW_11git_metrics7backend4git2NtB5_11Git2BackendNtB7_7Backend11get_commits
FN:398,_RNCNvXs2_NtNtCsbwBEBaEzfvW_11git_metrics7backend4git2NtB7_11Git2BackendNtB9_7Backend11get_commits0Bb_
FN:408,_RNCNvXs2_NtNtCsbwBEBaEzfvW_11git_metrics7backend4git2NtB7_11Git2BackendNtB9_7Backend11get_commitss_0Bb_
FN:414,_RNCNvXs2_NtNtCsbwBEBaEzfvW_11git_metrics7backend4git2NtB7_11Git2BackendNtB9_7Backend11get_commitss0_0Bb_
FN:457,_RNvXs2_NtNtCsbwBEBaEzfvW_11git_metrics7backend4git2NtB5_11Git2BackendNtB7_7Backend9root_path
FN:459,_RNCNvXs2_NtNtCsbwBEBaEzfvW_11git_metrics7backend4git2NtB7_11Git2BackendNtB9_7Backend9root_path0Bb_
FN:19,_RNvXs5_NtNtCsbwBEBaEzfvW_11git_metrics7backend4git2NtB5_5ErrorNtNtCs2ke5FKHNm4X_4core3fmt7Display3fmt
FN:9,_RNCNvXs2_NtNtCsbwBEBaEzfvW_11git_metrics7backend4git2NtB7_11Git2BackendNtB9_7Backend8rev_lists2_0Bb_
FN:9,_RNCNvXs2_NtNtCsbwBEBaEzfvW_11git_metrics7backend4git2NtB7_11Git2BackendNtB9_7Backend8rev_lists3_0Bb_
FN:9,_RNCNvXs2_NtNtCsbwBEBaEzfvW_11git_metrics7backend4git2NtB7_11Git2BackendNtB9_7Backend8rev_lists4_0Bb_
FN:9,_RNCNvXs2_NtNtCsbwBEBaEzfvW_11git_metrics7backend4git2NtB7_11Git2BackendNtB9_7Backend8rev_lists6_0Bb_
FN:9,_RNCNvXs2_NtNtCsbwBEBaEzfvW_11git_metrics7backend4git2NtB7_11Git2BackendNtB9_7Backend8rev_lists8_0Bb_
FN:9,_RNCNvXs2_NtNtCsbwBEBaEzfvW_11git_metrics7backend4git2NtB7_11Git2BackendNtB9_7Backend8rev_listsa_0Bb_
FN:9,_RNCNvXs2_NtNtCsbwBEBaEzfvW_11git_metrics7backend4git2NtB7_11Git2BackendNtB9_7Backend8rev_listsb_0Bb_
FN:9,_RNCNvXs2_NtNtCsbwBEBaEzfvW_11git_metrics7backend4git2NtB7_11Git2BackendNtB9_7Backend8rev_listsc_0Bb_
FN:9,_RNCNvXs2_NtNtCsbwBEBaEzfvW_11git_metrics7backend4git2NtB7_11Git2BackendNtB9_7Backend8rev_listsd_0Bb_
FN:9,_RNCNvXs2_NtNtCsbwBEBaEzfvW_11git_metrics7backend4git2NtB7_11Git2BackendNtB9_7Backend8rev_listse_0Bb_
FN:9,_RNCNvXs2_NtNtCsbwBEBaEzfvW_11git_metrics7backend4git2NtB7_11Git2BackendNtB9_7Backend9rev_parses2_0Bb_
FN:9,_RNCNvXs2_NtNtCsbwBEBaEzfvW_11git_metrics7backend4git2NtB7_11Git2BackendNtB9_7Backend10list_notess1_0Bb_
FN:9,_RNCNvXs2_NtNtCsbwBEBaEzfvW_11git_metrics7backend4git2NtB7_11Git2BackendNtB9_7Backend11remove_notes_0Bb_
FN:9,_RNCINvXs2_NtNtCsbwBEBaEzfvW_11git_metrics7backend4git2NtB8_11Git2BackendNtBa_7Backend10write_noteNtNtBc_7service10ChangeListEs1_0Bc_
FN:9,_RNCINvXs2_NtNtCsbwBEBaEzfvW_11git_metrics7backend4git2NtB8_11Git2BackendNtBa_7Backend10write_noteNtNtBc_7service10MetricListEs1_0Bc_
FN:9,_RNCNvXs2_NtNtCsbwBEBaEzfvW_11git_metrics7backend4git2NtB7_11Git2BackendNtB9_7Backend4pull0Bb_
FN:9,_RNCNvXs2_NtNtCsbwBEBaEzfvW_11git_metrics7backend4git2NtB7_11Git2BackendNtB9_7Backend4pulls_0Bb_
FN:9,_RNCNvXs2_NtNtCsbwBEBaEzfvW_11git_metrics7backend4git2NtB7_11Git2BackendNtB9_7Backend4pulls0_0Bb_
FN:9,_RNCNvXs2_NtNtCsbwBEBaEzfvW_11git_metrics7backend4git2NtB7_11Git2BackendNtB9_7Backend4pushs_0Bb_
FN:9,_RNCNvXs2_NtNtCsbwBEBaEzfvW_11git_metrics7backend4git2NtB7_11Git2BackendNtB9_7Backend4pushs0_0Bb_
FN:9,_RNCNvXs2_NtNtCsbwBEBaEzfvW_11git_metrics7backend4git2NtB7_11Git2BackendNtB9_7Backend4pushs1_0Bb_
FN:9,_RNCNvXs2_NtNtCsbwBEBaEzfvW_11git_metrics7backend4git2NtB7_11Git2BackendNtB9_7Backend11get_commitss1_0Bb_
FN:9,_RNCNvXs2_NtNtCsbwBEBaEzfvW_11git_metrics7backend4git2NtB7_11Git2BackendNtB9_7Backend11get_commitss2_0Bb_
FN:9,_RNCNvXs2_NtNtCsbwBEBaEzfvW_11git_metrics7backend4git2NtB7_11Git2BackendNtB9_7Backend11get_commitss3_0Bb_
FN:9,_RNCNvXs2_NtNtCsbwBEBaEzfvW_11git_metrics7backend4git2NtB7_11Git2BackendNtB9_7Backend11get_commitss4_0Bb_
FN:9,_RNCNvXs2_NtNtCsbwBEBaEzfvW_11git_metrics7backend4git2NtB7_11Git2BackendNtB9_7Backend11get_commitss5_0Bb_
FN:9,_RNCNvXs2_NtNtCsbwBEBaEzfvW_11git_metrics7backend4git2NtB7_11Git2BackendNtB9_7Backend11get_commitss6_0Bb_
FN:9,_RNCNvXs2_NtNtCsbwBEBaEzfvW_11git_metrics7backend4git2NtB7_11Git2BackendNtB9_7Backend11get_commitss7_0Bb_
FN:9,_RNCNvXs2_NtNtCsbwBEBaEzfvW_11git_metrics7backend4git2NtB7_11Git2BackendNtB9_7Backend11get_commitss8_0Bb_
FN:9,_RNCNvXs2_NtNtCsbwBEBaEzfvW_11git_metrics7backend4git2NtB7_11Git2BackendNtB9_7Backend11get_commitss9_0Bb_
FN:9,_RNCNvXs2_NtNtCsbwBEBaEzfvW_11git_metrics7backend4git2NtB7_11Git2BackendNtB9_7Backend11get_commitssa_0Bb_
FN:9,_RNCNvXs2_NtNtCsbwBEBaEzfvW_11git_metrics7backend4git2NtB7_11Git2BackendNtB9_7Backend11get_commitssb_0Bb_
FN:19,_RNvXs4_NtNtCsbwBEBaEzfvW_11git_metrics7backend4git2NtB5_5ErrorNtNtCs2ke5FKHNm4X_4core5error5Error6source
FN:19,_RNvXs6_NtNtCsbwBEBaEzfvW_11git_metrics7backend4git2NtB5_5ErrorINtNtCs2ke5FKHNm4X_4core7convert4FromNtNtCs62jhQummP4p_4toml2de5ErrorE4from
FN:19,_RNvXs7_NtNtCsbwBEBaEzfvW_11git_metrics7backend4git2NtB5_5ErrorINtNtCs2ke5FKHNm4X_4core7convert4FromNtNtCs62jhQummP4p_4toml3ser5ErrorE4from
FNDA:1,_RNvXNtNtCsbwBEBaEzfvW_11git_metrics7backend4git2NtB2_5ErrorNtNtB6_5error13DetailedError7details
FNDA:0,_RNvMs_NtNtCsbwBEBaEzfvW_11git_metrics7backend4git2NtB4_5Error4git2B8_
FNDA:0,_RNvMs_NtNtCsbwBEBaEzfvW_11git_metrics7backend4git2NtB4_5Error4raceB8_
FNDA:53,_RNvXs0_NtNtCsbwBEBaEzfvW_11git_metrics7backend4git2NtB5_14GitCredentialsINtNtCs2ke5FKHNm4X_4core7convert4FromNtNtB9_3cmd14GitCredentialsE4from
FNDA:53,_RNvMs1_NtNtCsbwBEBaEzfvW_11git_metrics7backend4git2NtB5_11Git2Backend3new
FNDA:0,_RNCNvMs1_NtNtCsbwBEBaEzfvW_11git_metrics7backend4git2NtB7_11Git2Backend3new0Bb_
FNDA:53,_RINvMs1_NtNtCsbwBEBaEzfvW_11git_metrics7backend4git2NtB6_11Git2Backend16with_credentialsNtNtBa_3cmd14GitCredentialsEBa_
FNDA:145,_RNvMs1_NtNtCsbwBEBaEzfvW_11git_metrics7backend4git2NtB5_11Git2Backend11revision_id
FNDA:145,_RNCNvMs1_NtNtCsbwBEBaEzfvW_11git_metrics7backend4git2NtB7_11Git2Backend11revision_id0Bb_
FNDA:0,_RNCNvMs1_NtNtCsbwBEBaEzfvW_11git_metrics7backend4git2NtB7_11Git2Backend11revision_ids_0Bb_
FNDA:39,_RNvMs1_NtNtCsbwBEBaEzfvW_11git_metrics7backend4git2NtB5_11Git2Backend9signature
FNDA:0,_RNCNvMs1_NtNtCsbwBEBaEzfvW_11git_metrics7backend4git2NtB7_11Git2Backend9signature0Bb_
FNDA:12,_RNvMs1_NtNtCsbwBEBaEzfvW_11git_metrics7backend4git2NtB5_11Git2Backend13authenticator
FNDA:9,_RNvXs2_NtNtCsbwBEBaEzfvW_11git_metrics7backend4git2NtB5_11Git2BackendNtB7_7Backend8rev_list
FNDA:0,_RNCNvXs2_NtNtCsbwBEBaEzfvW_11git_metrics7backend4git2NtB7_11Git2BackendNtB9_7Backend8rev_list0Bb_
FNDA:0,_RNCNvXs2_NtNtCsbwBEBaEzfvW_11git_metrics7backend4git2NtB7_11Git2BackendNtB9_7Backend8rev_lists_0Bb_
FNDA:0,_RNCNvXs2_NtNtCsbwBEBaEzfvW_11git_metrics7backend4git2NtB7_11Git2BackendNtB9_7Backend8rev_lists0_0Bb_
FNDA:7,_RNvXs2_NtNtCsbwBEBaEzfvW_11git_metrics7backend4git2NtB5_11Git2BackendNtB7_7Backend9rev_parse
FNDA:0,_RNCNvXs2_NtNtCsbwBEBaEzfvW_11git_metrics7backend4git2NtB7_11Git2BackendNtB9_7Backend9rev_parse0Bb_
FNDA:0,_RNCNvXs2_NtNtCsbwBEBaEzfvW_11git_metrics7backend4git2NtB7_11Git2BackendNtB9_7Backend9rev_parses_0Bb_
FNDA:0,_RNCNvXs2_NtNtCsbwBEBaEzfvW_11git_metrics7backend4git2NtB7_11Git2BackendNtB9_7Backend9rev_parses0_0Bb_
FNDA:11,_RNvXs2_NtNtCsbwBEBaEzfvW_11git_metrics7backend4git2NtB5_11Git2BackendNtB7_7Backend10list_notes
FNDA:11,_RNCNvXs2_NtNtCsbwBEBaEzfvW_11git_metrics7backend4git2NtB7_11Git2BackendNtB9_7Backend10list_notes0Bb_
FNDA:11,_RNCNvXs2_NtNtCsbwBEBaEzfvW_11git_metrics7backend4git2NtB7_11Git2BackendNtB9_7Backend10list_notess_0Bb_
FNDA:5,_RNvXs2_NtNtCsbwBEBaEzfvW_11git_metrics7backend4git2NtB5_11Git2BackendNtB7_7Backend11remove_note
FNDA:67,_RINvXs2_NtNtCsbwBEBaEzfvW_11git_metrics7backend4git2NtB6_11Git2BackendNtB8_7Backend9read_noteNtNtBa_7service10ChangeListEBa_
FNDA:39,_RINvXs2_NtNtCsbwBEBaEzfvW_11git_metrics7backend4git2NtB6_11Git2BackendNtB8_7Backend9read_noteNtNtBa_7service10MetricListEBa_
FNDA:42,_RNCINvXs2_NtNtCsbwBEBaEzfvW_11git_metrics7backend4git2NtB8_11Git2BackendNtBa_7Backend9read_noteNtNtBc_7service10ChangeListE0Bc_
FNDA:15,_RNCINvXs2_NtNtCsbwBEBaEzfvW_11git_metrics7backend4git2NtB8_11Git2BackendNtBa_7Backend9read_noteNtNtBc_7service10MetricListE0Bc_
FNDA:0,_RNCNCINvXs2_NtNtCsbwBEBaEzfvW_11git_metrics7backend4git2NtBa_11Git2BackendNtBc_7Backend9read_noteNtNtBe_7service10ChangeListE00Be_
FNDA:0,_RNCNCINvXs2_NtNtCsbwBEBaEzfvW_11git_metrics7backend4git2NtBa_11Git2BackendNtBc_7Backend9read_noteNtNtBe_7service10MetricListE00Be_
FNDA:0,_RNCINvXs2_NtNtCsbwBEBaEzfvW_11git_metrics7backend4git2NtB8_11Git2BackendNtBa_7Backend9read_noteNtNtBc_7service10ChangeListEs_0Bc_
FNDA:0,_RNCINvXs2_NtNtCsbwBEBaEzfvW_11git_metrics7backend4git2NtB8_11Git2BackendNtBa_7Backend9read_noteNtNtBc_7service10MetricListEs_0Bc_
FNDA:28,_RINvXs2_NtNtCsbwBEBaEzfvW_11git_metrics7backend4git2NtB6_11Git2BackendNtB8_7Backend10write_noteNtNtBa_7service10ChangeListEBa_
FNDA:6,_RINvXs2_NtNtCsbwBEBaEzfvW_11git_metrics7backend4git2NtB6_11Git2BackendNtB8_7Backend10write_noteNtNtBa_7service10MetricListEBa_
FNDA:0,_RNCINvXs2_NtNtCsbwBEBaEzfvW_11git_metrics7backend4git2NtB8_11Git2BackendNtBa_7Backend10write_noteNtNtBc_7service10ChangeListE0Bc_
FNDA:0,_RNCINvXs2_NtNtCsbwBEBaEzfvW_11git_metrics7backend4git2NtB8_11Git2BackendNtBa_7Backend10write_noteNtNtBc_7service10MetricListE0Bc_
FNDA:6,_RNvXs2_NtNtCsbwBEBaEzfvW_11git_metrics7backend4git2NtB5_11Git2BackendNtB7_7Backend4pull
FNDA:6,_RNvXs2_NtNtCsbwBEBaEzfvW_11git_metrics7backend4git2NtB5_11Git2BackendNtB7_7Backend4push
FNDA:5,_RNCNvXs2_NtNtCsbwBEBaEzfvW_11git_metrics7backend4git2NtB7_11Git2BackendNtB9_7Backend4push0Bb_
FNDA:1,_RNvXs2_NtNtCsbwBEBaEzfvW_11git_metrics7backend4git2NtB5_11Git2BackendNtB7_7Backend11get_commits
FNDA:0,_RNCNvXs2_NtNtCsbwBEBaEzfvW_11git_metrics7backend4git2NtB7_11Git2BackendNtB9_7Backend11get_commits0Bb_
FNDA:0,_RNCNvXs2_NtNtCsbwBEBaEzfvW_11git_metrics7backend4git2NtB7_11Git2BackendNtB9_7Backend11get_commitss_0Bb_
FNDA:0,_RNCNvXs2_NtNtCsbwBEBaEzfvW_11git_metrics7backend4git2NtB7_11Git2BackendNtB9_7Backend11get_commitss0_0Bb_
FNDA:15,_RNvXs2_NtNtCsbwBEBaEzfvW_11git_metrics7backend4git2NtB5_11Git2BackendNtB7_7Backend9root_path
FNDA:0,_RNCNvXs2_NtNtCsbwBEBaEzfvW_11git_metrics7backend4git2NtB7_11Git2BackendNtB9_7Backend9root_path0Bb_
FNDA:1,_RNvXs5_NtNtCsbwBEBaEzfvW_11git_metrics7backend4git2NtB5_5ErrorNtNtCs2ke5FKHNm4X_4core3fmt7Display3fmt
FNDA:0,_RNCNvXs2_NtNtCsbwBEBaEzfvW_11git_metrics7backend4git2NtB7_11Git2BackendNtB9_7Backend8rev_lists2_0Bb_
FNDA:0,_RNCNvXs2_NtNtCsbwBEBaEzfvW_11git_metrics7backend4git2NtB7_11Git2BackendNtB9_7Backend8rev_lists3_0Bb_
FNDA:0,_RNCNvXs2_NtNtCsbwBEBaEzfvW_11git_metrics7backend4git2NtB7_11Git2BackendNtB9_7Backend8rev_lists4_0Bb_
FNDA:0,_RNCNvXs2_NtNtCsbwBEBaEzfvW_11git_metrics7backend4git2NtB7_11Git2BackendNtB9_7Backend8rev_lists6_0Bb_
FNDA:0,_RNCNvXs2_NtNtCsbwBEBaEzfvW_11git_metrics7backend4git2NtB7_11Git2BackendNtB9_7Backend8rev_lists8_0Bb_
FNDA:0,_RNCNvXs2_NtNtCsbwBEBaEzfvW_11git_metrics7backend4git2NtB7_11Git2BackendNtB9_7Backend8rev_listsa_0Bb_
FNDA:0,_RNCNvXs2_NtNtCsbwBEBaEzfvW_11git_metrics7backend4git2NtB7_11Git2BackendNtB9_7Backend8rev_listsb_0Bb_
FNDA:0,_RNCNvXs2_NtNtCsbwBEBaEzfvW_11git_metrics7backend4git2NtB7_11Git2BackendNtB9_7Backend8rev_listsc_0Bb_
FNDA:0,_RNCNvXs2_NtNtCsbwBEBaEzfvW_11git_metrics7backend4git2NtB7_11Git2BackendNtB9_7Backend8rev_listsd_0Bb_
FNDA:0,_RNCNvXs2_NtNtCsbwBEBaEzfvW_11git_metrics7backend4git2NtB7_11Git2BackendNtB9_7Backend8rev_listse_0Bb_
FNDA:0,_RNCNvXs2_NtNtCsbwBEBaEzfvW_11git_metrics7backend4git2NtB7_11Git2BackendNtB9_7Backend9rev_parses2_0Bb_
FNDA:0,_RNCNvXs2_NtNtCsbwBEBaEzfvW_11git_metrics7backend4git2NtB7_11Git2BackendNtB9_7Backend10list_notess1_0Bb_
FNDA:0,_RNCNvXs2_NtNtCsbwBEBaEzfvW_11git_metrics7backend4git2NtB7_11Git2BackendNtB9_7Backend11remove_notes_0Bb_
FNDA:0,_RNCINvXs2_NtNtCsbwBEBaEzfvW_11git_metrics7backend4git2NtB8_11Git2BackendNtBa_7Backend10write_noteNtNtBc_7service10ChangeListEs1_0Bc_
FNDA:0,_RNCINvXs2_NtNtCsbwBEBaEzfvW_11git_metrics7backend4git2NtB8_11Git2BackendNtBa_7Backend10write_noteNtNtBc_7service10MetricListEs1_0Bc_
FNDA:0,_RNCNvXs2_NtNtCsbwBEBaEzfvW_11git_metrics7backend4git2NtB7_11Git2BackendNtB9_7Backend4pull0Bb_
FNDA:0,_RNCNvXs2_NtNtCsbwBEBaEzfvW_11git_metrics7backend4git2NtB7_11Git2BackendNtB9_7Backend4pulls_0Bb_
FNDA:0,_RNCNvXs2_NtNtCsbwBEBaEzfvW_11git_metrics7backend4git2NtB7_11Git2BackendNtB9_7Backend4pulls0_0Bb_
FNDA:0,_RNCNvXs2_NtNtCsbwBEBaEzfvW_11git_metrics7backend4git2NtB7_11Git2BackendNtB9_7Backend4pushs_0Bb_
FNDA:0,_RNCNvXs2_NtNtCsbwBEBaEzfvW_11git_metrics7backend4git2NtB7_11Git2BackendNtB9_7Backend4pushs0_0Bb_
FNDA:1,_RNCNvXs2_NtNtCsbwBEBaEzfvW_11git_metrics7backend4git2NtB7_11Git2BackendNtB9_7Backend4pushs1_0Bb_
FNDA:0,_RNCNvXs2_NtNtCsbwBEBaEzfvW_11git_metrics7backend4git2NtB7_11Git2BackendNtB9_7Backend11get_commitss1_0Bb_
FNDA:0,_RNCNvXs2_NtNtCsbwBEBaEzfvW_11git_metrics7backend4git2NtB7_11Git2BackendNtB9_7Backend11get_commitss2_0Bb_
FNDA:0,_RNCNvXs2_NtNtCsbwBEBaEzfvW_11git_metrics7backend4git2NtB7_11Git2BackendNtB9_7Backend11get_commitss3_0Bb_
FNDA:0,_RNCNvXs2_NtNtCsbwBEBaEzfvW_11git_metrics7backend4git2NtB7_11Git2BackendNtB9_7Backend11get_commitss4_0Bb_
FNDA:0,_RNCNvXs2_NtNtCsbwBEBaEzfvW_11git_metrics7backend4git2NtB7_11Git2BackendNtB9_7Backend11get_commitss5_0Bb_
FNDA:0,_RNCNvXs2_NtNtCsbwBEBaEzfvW_11git_metrics7backend4git2NtB7_11Git2BackendNtB9_7Backend11get_commitss6_0Bb_
FNDA:0,_RNCNvXs2_NtNtCsbwBEBaEzfvW_11git_metrics7backend4git2NtB7_11Git2BackendNtB9_7Backend11get_commitss7_0Bb_
FNDA:0,_RNCNvXs2_NtNtCsbwBEBaEzfvW_11git_metrics7backend4git2NtB7_11Git2BackendNtB9_7Backend11get_commitss8_0Bb_
FNDA:0,_RNCNvXs2_NtNtCsbwBEBaEzfvW_11git_metrics7backend4git2NtB7_11Git2BackendNtB9_7Backend11get_commitss9_0Bb_
FNDA:0,_RNCNvXs2_NtNtCsbwBEBaEzfvW_11git_metrics7backend4git2NtB7_11Git2BackendNtB9_7Backend11get_commitssa_0Bb_
FNDA:0,_RNCNvXs2_NtNtCsbwBEBaEzfvW_11git_metrics7backend4git2NtB7_11Git2BackendNtB9_7Backend11get_commitssb_0Bb_
FNDA:0,_RNvXs4_NtNtCsbwBEBaEzfvW_11git_metrics7backend4git2NtB5_5ErrorNtNtCs2ke5FKHNm4X_4core5error5Error6source
FNDA:0,_RNvXs6_NtNtCsbwBEBaEzfvW_11git_metrics7backend4git2NtB5_5ErrorINtNtCs2ke5FKHNm4X_4core7convert4FromNtNtCs62jhQummP4p_4toml2de5ErrorE4from
FNDA:0,_RNvXs7_NtNtCsbwBEBaEzfvW_11git_metrics7backend4git2NtB5_5ErrorINtNtCs2ke5FKHNm4X_4core7convert4FromNtNtCs62jhQummP4p_4toml3ser5ErrorE4from
FNF:42
FNH:24
DA:9,1
DA:10,1
DA:11,1
DA:12,1
DA:13,1
DA:14,1
DA:15,1
DA:19,1
DA:44,1
DA:45,1
DA:46,1
DA:47,0
DA:48,0
DA:49,0
DA:51,1
DA:56,0
DA:57,0
DA:58,0
DA:61,0
DA:62,0
DA:63,0
DA:73,53
DA:74,53
DA:75,53
DA:76,53
DA:77,53
DA:78,53
DA:87,53
DA:88,53
DA:89,53
DA:90,53
DA:91,53
DA:94,0
DA:95,0
DA:98,53
DA:99,53
DA:100,53
DA:101,53
DA:102,53
DA:103,53
DA:105,53
DA:106,53
DA:107,53
DA:108,53
DA:110,145
DA:111,145
DA:112,145
DA:113,145
DA:114,145
DA:115,145
DA:116,0
DA:117,0
DA:118,145
DA:119,145
DA:121,39
DA:122,39
DA:123,39
DA:124,0
DA:125,0
DA:126,39
DA:127,39
DA:129,12
DA:130,12
DA:131,12
DA:132,12
DA:133,12
DA:135,0
DA:136,0
DA:138,0
DA:139,12
DA:141,12
DA:147,9
DA:148,9
DA:149,9
DA:150,9
DA:151,9
DA:152,9
DA:153,9
DA:154,9
DA:155,9
DA:156,9
DA:157,9
DA:158,9
DA:159,9
DA:160,9
DA:161,7
DA:162,0
DA:163,0
DA:164,7
DA:165,7
DA:166,7
DA:167,7
DA:168,7
DA:170,2
DA:171,0
DA:172,0
DA:173,2
DA:174,2
DA:175,0
DA:176,0
DA:177,2
DA:178,2
DA:179,2
DA:180,2
DA:181,2
DA:182,2
DA:183,0
DA:184,0
DA:185,0
DA:186,0
DA:187,0
DA:188,0
DA:189,0
DA:190,0
DA:191,0
DA:192,0
DA:193,0
DA:194,0
DA:195,2
DA:196,2
DA:197,2
DA:198,2
DA:201,9
DA:202,30
DA:203,21
DA:204,21
DA:205,21
DA:208,9
DA:209,9
DA:211,7
DA:212,7
DA:213,7
DA:214,7
DA:215,7
DA:216,7
DA:217,7
DA:218,5
DA:219,0
DA:220,0
DA:221,5
DA:222,5
DA:223,5
DA:225,2
DA:226,0
DA:227,0
DA:228,2
DA:229,2
DA:230,0
DA:231,0
DA:232,2
DA:233,2
DA:234,2
DA:235,2
DA:236,2
DA:237,2
DA:239,7
DA:241,11
DA:242,11
DA:243,11
DA:244,11
DA:245,0
DA:246,0
DA:247,0
DA:248,0
DA:249,0
DA:250,0
DA:253,11
DA:254,11
DA:255,11
DA:256,11
DA:257,11
DA:258,11
DA:259,11
DA:260,11
DA:262,5
DA:263,5
DA:264,5
DA:265,5
DA:266,5
DA:267,5
DA:268,5
DA:270,5
DA:271,5
DA:273,106
DA:274,106
DA:275,106
DA:276,106
DA:277,106
DA:278,106
DA:279,106
DA:281,106
DA:282,49
DA:283,49
DA:286,57
DA:287,57
DA:288,57
DA:289,57
DA:290,0
DA:291,0
DA:292,57
DA:293,57
DA:294,57
DA:295,0
DA:296,0
DA:297,57
DA:298,106
DA:300,34
DA:301,34
DA:302,34
DA:303,34
DA:304,34
DA:305,34
DA:306,34
DA:307,34
DA:308,34
DA:310,34
DA:311,34
DA:312,0
DA:313,0
DA:314,34
DA:315,34
DA:316,34
DA:317,34
DA:318,34
DA:319,34
DA:320,34
DA:321,34
DA:322,34
DA:323,34
DA:324,34
DA:326,34
DA:327,34
DA:329,6
DA:330,6
DA:331,6
DA:332,6
DA:333,6
DA:334,6
DA:335,6
DA:336,6
DA:337,6
DA:339,6
DA:340,6
DA:341,6
DA:342,6
DA:343,6
DA:344,6
DA:345,6
DA:346,6
DA:347,6
DA:348,6
DA:349,6
DA:350,6
DA:351,6
DA:353,6
DA:354,6
DA:356,6
DA:357,6
DA:358,6
DA:359,6
DA:360,6
DA:361,6
DA:362,6
DA:363,6
DA:364,6
DA:365,6
DA:366,6
DA:367,6
DA:368,6
DA:369,5
DA:370,5
DA:371,6
DA:372,6
DA:373,6
DA:374,6
DA:375,6
DA:376,6
DA:377,6
DA:378,6
DA:379,6
DA:380,6
DA:381,6
DA:382,6
DA:383,6
DA:385,1
DA:386,1
DA:387,1
DA:388,1
DA:389,1
DA:390,1
DA:391,1
DA:392,1
DA:393,1
DA:394,1
DA:395,1
DA:396,1
DA:397,1
DA:398,1
DA:399,0
DA:400,0
DA:401,0
DA:402,0
DA:403,1
DA:404,1
DA:405,1
DA:406,1
DA:408,0
DA:409,0
DA:410,0
DA:411,0
DA:412,0
DA:413,0
DA:414,0
DA:415,0
DA:416,0
DA:417,0
DA:418,0
DA:419,0
DA:420,0
DA:421,0
DA:422,0
DA:423,0
DA:424,0
DA:425,0
DA:426,0
DA:427,0
DA:428,0
DA:429,0
DA:430,0
DA:431,0
DA:432,0
DA:433,0
DA:434,0
DA:435,0
DA:436,0
DA:439,1
DA:440,3
DA:441,2
DA:442,2
DA:443,2
DA:444,2
DA:445,2
DA:446,2
DA:447,2
DA:448,2
DA:449,2
DA:450,2
DA:451,2
DA:454,1
DA:455,1
DA:457,15
DA:458,15
DA:459,15
DA:460,0
DA:461,0
DA:462,15
DA:463,15
BRF:0
BRH:0
LF:396
LH:276
end_of_record
SF:/code/git-metrics/src/backend/mock.rs
FN:15,_RNvMNtNtCsbwBEBaEzfvW_11git_metrics7backend4mockNtB2_5Error3new
FN:21,_RNvXs_NtNtCsbwBEBaEzfvW_11git_metrics7backend4mockNtB4_5ErrorNtNtCs2ke5FKHNm4X_4core3fmt7Display3fmt
FN:29,_RNvXs1_NtNtCsbwBEBaEzfvW_11git_metrics7backend4mockNtB5_5ErrorNtNtB9_5error13DetailedError7details
FN:47,_RNvXs2_NtNtCsbwBEBaEzfvW_11git_metrics7backend4mockNtB5_16MockBackendInnerNtNtCs2ke5FKHNm4X_4core7default7Default7default
FN:59,_RNvMs3_NtNtCsbwBEBaEzfvW_11git_metrics7backend4mockNtB5_11MockBackend8get_note
FN:64,_RINvMs3_NtNtCsbwBEBaEzfvW_11git_metrics7backend4mockNtB6_11MockBackend8set_noteNtNtCs2wnU2autU56_5alloc6string6StringEBa_
FN:64,_RINvMs3_NtNtCsbwBEBaEzfvW_11git_metrics7backend4mockNtB6_11MockBackend8set_noteReEBa_
FN:69,_RINvMs3_NtNtCsbwBEBaEzfvW_11git_metrics7backend4mockNtB6_11MockBackend12set_rev_listReB1k_AB1k_j1_EBa_
FN:69,_RINvMs3_NtNtCsbwBEBaEzfvW_11git_metrics7backend4mockNtB6_11MockBackend12set_rev_listReB1k_AB1k_j2_EBa_
FN:69,_RINvMs3_NtNtCsbwBEBaEzfvW_11git_metrics7backend4mockNtB6_11MockBackend12set_rev_listReB1k_AB1k_j3_EBa_
FN:69,_RINvMs3_NtNtCsbwBEBaEzfvW_11git_metrics7backend4mockNtB6_11MockBackend12set_rev_listReB1k_AB1k_j4_EBa_
FN:80,_RINvMs3_NtNtCsbwBEBaEzfvW_11git_metrics7backend4mockNtB6_11MockBackend13set_rev_parseReEBa_
FN:84,_RNvMs3_NtNtCsbwBEBaEzfvW_11git_metrics7backend4mockNtB5_11MockBackend10set_config
FN:93,_RNvXs4_NtNtCsbwBEBaEzfvW_11git_metrics7backend4mockNtB5_11MockBackendNtB7_7Backend8rev_list
FN:103,_RNvXs4_NtNtCsbwBEBaEzfvW_11git_metrics7backend4mockNtB5_11MockBackendNtB7_7Backend9rev_parse
FN:109,_RNCNvXs4_NtNtCsbwBEBaEzfvW_11git_metrics7backend4mockNtB7_11MockBackendNtB9_7Backend9rev_parse0Bb_
FN:112,_RNvXs4_NtNtCsbwBEBaEzfvW_11git_metrics7backend4mockNtB5_11MockBackendNtB7_7Backend10list_notes
FN:116,_RNvXs4_NtNtCsbwBEBaEzfvW_11git_metrics7backend4mockNtB5_11MockBackendNtB7_7Backend11remove_note
FN:122,_RNvXs4_NtNtCsbwBEBaEzfvW_11git_metrics7backend4mockNtB5_11MockBackendNtB7_7Backend4pull
FN:126,_RNvXs4_NtNtCsbwBEBaEzfvW_11git_metrics7backend4mockNtB5_11MockBackendNtB7_7Backend4push
FN:130,_RINvXs4_NtNtCsbwBEBaEzfvW_11git_metrics7backend4mockNtB6_11MockBackendNtB8_7Backend9read_noteNtNtBa_7service10ChangeListEBa_
FN:130,_RINvXs4_NtNtCsbwBEBaEzfvW_11git_metrics7backend4mockNtB6_11MockBackendNtB8_7Backend9read_noteNtNtBa_7service10MetricListEBa_
FN:138,_RNCINvXs4_NtNtCsbwBEBaEzfvW_11git_metrics7backend4mockNtB8_11MockBackendNtBa_7Backend9read_noteNtNtBc_7service10ChangeListE0Bc_
FN:138,_RNCINvXs4_NtNtCsbwBEBaEzfvW_11git_metrics7backend4mockNtB8_11MockBackendNtBa_7Backend9read_noteNtNtBc_7service10MetricListE0Bc_
FN:145,_RINvXs4_NtNtCsbwBEBaEzfvW_11git_metrics7backend4mockNtB6_11MockBackendNtB8_7Backend10write_noteNtNtBa_7service10ChangeListEBa_
FN:145,_RINvXs4_NtNtCsbwBEBaEzfvW_11git_metrics7backend4mockNtB6_11MockBackendNtB8_7Backend10write_noteNtNtBa_7service10MetricListEBa_
FN:153,_RNCINvXs4_NtNtCsbwBEBaEzfvW_11git_metrics7backend4mockNtB8_11MockBackendNtBa_7Backend10write_noteNtNtBc_7service10ChangeListE0Bc_
FN:153,_RNCINvXs4_NtNtCsbwBEBaEzfvW_11git_metrics7backend4mockNtB8_11MockBackendNtBa_7Backend10write_noteNtNtBc_7service10MetricListE0Bc_
FN:158,_RNvXs4_NtNtCsbwBEBaEzfvW_11git_metrics7backend4mockNtB5_11MockBackendNtB7_7Backend11get_commits
FN:162,_RNvXs4_NtNtCsbwBEBaEzfvW_11git_metrics7backend4mockNtB5_11MockBackendNtB7_7Backend9root_path
FNDA:0,_RNvMNtNtCsbwBEBaEzfvW_11git_metrics7backend4mockNtB2_5Error3new
FNDA:0,_RNvXs_NtNtCsbwBEBaEzfvW_11git_metrics7backend4mockNtB4_5ErrorNtNtCs2ke5FKHNm4X_4core3fmt7Display3fmt
FNDA:0,_RNvXs1_NtNtCsbwBEBaEzfvW_11git_metrics7backend4mockNtB5_5ErrorNtNtB9_5error13DetailedError7details
FNDA:11,_RNvXs2_NtNtCsbwBEBaEzfvW_11git_metrics7backend4mockNtB5_16MockBackendInnerNtNtCs2ke5FKHNm4X_4core7default7Default7default
FNDA:2,_RNvMs3_NtNtCsbwBEBaEzfvW_11git_metrics7backend4mockNtB5_11MockBackend8get_note
FNDA:3,_RINvMs3_NtNtCsbwBEBaEzfvW_11git_metrics7backend4mockNtB6_11MockBackend8set_noteNtNtCs2wnU2autU56_5alloc6string6StringEBa_
FNDA:9,_RINvMs3_NtNtCsbwBEBaEzfvW_11git_metrics7backend4mockNtB6_11MockBackend8set_noteReEBa_
FNDA:2,_RINvMs3_NtNtCsbwBEBaEzfvW_11git_metrics7backend4mockNtB6_11MockBackend12set_rev_listReB1k_AB1k_j1_EBa_
FNDA:2,_RINvMs3_NtNtCsbwBEBaEzfvW_11git_metrics7backend4mockNtB6_11MockBackend12set_rev_listReB1k_AB1k_j2_EBa_
FNDA:2,_RINvMs3_NtNtCsbwBEBaEzfvW_11git_metrics7backend4mockNtB6_11MockBackend12set_rev_listReB1k_AB1k_j3_EBa_
FNDA:1,_RINvMs3_NtNtCsbwBEBaEzfvW_11git_metrics7backend4mockNtB6_11MockBackend12set_rev_listReB1k_AB1k_j4_EBa_
FNDA:4,_RINvMs3_NtNtCsbwBEBaEzfvW_11git_metrics7backend4mockNtB6_11MockBackend13set_rev_parseReEBa_
FNDA:2,_RNvMs3_NtNtCsbwBEBaEzfvW_11git_metrics7backend4mockNtB5_11MockBackend10set_config
FNDA:7,_RNvXs4_NtNtCsbwBEBaEzfvW_11git_metrics7backend4mockNtB5_11MockBackendNtB7_7Backend8rev_list
FNDA:4,_RNvXs4_NtNtCsbwBEBaEzfvW_11git_metrics7backend4mockNtB5_11MockBackendNtB7_7Backend9rev_parse
FNDA:0,_RNCNvXs4_NtNtCsbwBEBaEzfvW_11git_metrics7backend4mockNtB7_11MockBackendNtB9_7Backend9rev_parse0Bb_
FNDA:0,_RNvXs4_NtNtCsbwBEBaEzfvW_11git_metrics7backend4mockNtB5_11MockBackendNtB7_7Backend10list_notes
FNDA:0,_RNvXs4_NtNtCsbwBEBaEzfvW_11git_metrics7backend4mockNtB5_11MockBackendNtB7_7Backend11remove_note
FNDA:0,_RNvXs4_NtNtCsbwBEBaEzfvW_11git_metrics7backend4mockNtB5_11MockBackendNtB7_7Backend4pull
FNDA:0,_RNvXs4_NtNtCsbwBEBaEzfvW_11git_metrics7backend4mockNtB5_11MockBackendNtB7_7Backend4push
FNDA:23,_RINvXs4_NtNtCsbwBEBaEzfvW_11git_metrics7backend4mockNtB6_11MockBackendNtB8_7Backend9read_noteNtNtBa_7service10ChangeListEBa_
FNDA:20,_RINvXs4_NtNtCsbwBEBaEzfvW_11git_metrics7backend4mockNtB6_11MockBackendNtB8_7Backend9read_noteNtNtBa_7service10MetricListEBa_
FNDA:0,_RNCINvXs4_NtNtCsbwBEBaEzfvW_11git_metrics7backend4mockNtB8_11MockBackendNtBa_7Backend9read_noteNtNtBc_7service10ChangeListE0Bc_
FNDA:0,_RNCINvXs4_NtNtCsbwBEBaEzfvW_11git_metrics7backend4mockNtB8_11MockBackendNtBa_7Backend9read_noteNtNtBc_7service10MetricListE0Bc_
FNDA:3,_RINvXs4_NtNtCsbwBEBaEzfvW_11git_metrics7backend4mockNtB6_11MockBackendNtB8_7Backend10write_noteNtNtBa_7service10ChangeListEBa_
FNDA:0,_RINvXs4_NtNtCsbwBEBaEzfvW_11git_metrics7backend4mockNtB6_11MockBackendNtB8_7Backend10write_noteNtNtBa_7service10MetricListEBa_
FNDA:0,_RNCINvXs4_NtNtCsbwBEBaEzfvW_11git_metrics7backend4mockNtB8_11MockBackendNtBa_7Backend10write_noteNtNtBc_7service10ChangeListE0Bc_
FNDA:0,_RNCINvXs4_NtNtCsbwBEBaEzfvW_11git_metrics7backend4mockNtB8_11MockBackendNtBa_7Backend10write_noteNtNtBc_7service10MetricListE0Bc_
FNDA:0,_RNvXs4_NtNtCsbwBEBaEzfvW_11git_metrics7backend4mockNtB5_11MockBackendNtB7_7Backend11get_commits
FNDA:4,_RNvXs4_NtNtCsbwBEBaEzfvW_11git_metrics7backend4mockNtB5_11MockBackendNtB7_7Backend9root_path
FNF:22
FNH:11
DA:15,0
DA:16,0
DA:17,0
DA:21,0
DA:22,0
DA:23,0
DA:29,0
DA:30,0
DA:31,0
DA:47,11
DA:48,11
DA:49,11
DA:50,11
DA:51,11
DA:52,11
DA:53,11
DA:54,11
DA:55,11
DA:59,2
DA:60,2
DA:61,2
DA:62,2
DA:64,12
DA:65,12
DA:66,12
DA:67,12
DA:69,7
DA:70,7
DA:71,7
DA:72,7
DA:73,7
DA:74,7
DA:75,7
DA:76,7
DA:77,7
DA:78,7
DA:80,4
DA:81,4
DA:82,4
DA:84,2
DA:85,2
DA:86,2
DA:87,2
DA:93,7
DA:94,7
DA:95,7
DA:96,7
DA:97,7
DA:98,7
DA:99,7
DA:100,7
DA:101,7
DA:103,4
DA:104,4
DA:105,4
DA:106,4
DA:107,4
DA:108,4
DA:109,4
DA:110,4
DA:112,0
DA:113,0
DA:116,0
DA:117,0
DA:118,0
DA:119,0
DA:120,0
DA:122,0
DA:123,0
DA:126,0
DA:127,0
DA:130,43
DA:131,43
DA:132,43
DA:133,43
DA:134,43
DA:135,43
DA:136,43
DA:137,12
DA:138,12
DA:139,12
DA:141,31
DA:143,43
DA:145,3
DA:146,3
DA:147,3
DA:148,3
DA:149,3
DA:150,3
DA:151,3
DA:152,3
DA:153,3
DA:154,3
DA:155,3
DA:156,3
DA:158,0
DA:159,0
DA:160,0
DA:162,4
DA:163,4
DA:164,4
BRF:0
BRH:0
LF:104
LH:78
end_of_record
SF:/code/git-metrics/src/backend/mod.rs
FN:35,_RNvXNtCsbwBEBaEzfvW_11git_metrics7backendNtB2_5ErrorNtNtB4_5error13DetailedError7details
FN:54,_RINvMs_NtCsbwBEBaEzfvW_11git_metrics7backendNtB5_7NoteRef14remote_metricsRNtNtCs2wnU2autU56_5alloc6string6StringEB7_
FN:54,_RINvMs_NtCsbwBEBaEzfvW_11git_metrics7backendNtB5_7NoteRef14remote_metricsReEB7_
FN:60,_RNvXs0_NtCsbwBEBaEzfvW_11git_metrics7backendNtB5_7NoteRefNtNtCs2ke5FKHNm4X_4core3fmt7Display3fmt
FN:87,_RNvXs1_NtCsbwBEBaEzfvW_11git_metrics7backendNtB5_8RevParseNtNtCs2ke5FKHNm4X_4core3fmt7Display3fmt
FN:21,_RNvXs4_NtCsbwBEBaEzfvW_11git_metrics7backendNtB5_5ErrorNtNtCs2ke5FKHNm4X_4core3fmt7Display3fmt
FN:21,_RNvXs5_NtCsbwBEBaEzfvW_11git_metrics7backendNtB5_5ErrorINtNtCs2ke5FKHNm4X_4core7convert4FromNtNtB5_7command5ErrorE4from
FN:21,_RNvXs6_NtCsbwBEBaEzfvW_11git_metrics7backendNtB5_5ErrorINtNtCs2ke5FKHNm4X_4core7convert4FromNtNtB5_4git25ErrorE4from
FN:21,_RNvXs7_NtCsbwBEBaEzfvW_11git_metrics7backendNtB5_5ErrorINtNtCs2ke5FKHNm4X_4core7convert4FromNtNtB5_4mock5ErrorE4from
FN:21,_RNvXs3_NtCsbwBEBaEzfvW_11git_metrics7backendNtB5_5ErrorNtNtCs2ke5FKHNm4X_4core5error5Error6source
FN:68,_RNvXNvXNvNtCsbwBEBaEzfvW_11git_metrics7backends_1__NtB7_11NoteContentNtNtCslI84mjRi2PN_5serde2de11Deserialize11deserializeNtB2_14___FieldVisitorNtB17_7Visitor9expecting
FN:68,_RINvXNvXNvNtCsbwBEBaEzfvW_11git_metrics7backends_1__NtB8_11NoteContentNtNtCslI84mjRi2PN_5serde2de11Deserialize11deserializeNtB3_14___FieldVisitorNtB18_7Visitor9visit_u64pEBa_
FN:68,_RINvXNvXNvNtCsbwBEBaEzfvW_11git_metrics7backends_1__NtB8_11NoteContentNtNtCslI84mjRi2PN_5serde2de11Deserialize11deserializeNtB3_14___FieldVisitorNtB18_7Visitor9visit_strpEBa_
FN:68,_RINvXNvXNvNtCsbwBEBaEzfvW_11git_metrics7backends_1__NtB8_11NoteContentNtNtCslI84mjRi2PN_5serde2de11Deserialize11deserializeNtB3_14___FieldVisitorNtB18_7Visitor11visit_bytespEBa_
FN:68,_RINvXs_NvXNvNtCsbwBEBaEzfvW_11git_metrics7backends_1__NtBa_11NoteContentNtNtCslI84mjRi2PN_5serde2de11Deserialize11deserializeNtB5_7___FieldB18_11deserializepEBc_
FN:68,_RNvXs0_NvXNvNtCsbwBEBaEzfvW_11git_metrics7backends_1__NtBa_11NoteContentNtNtCslI84mjRi2PN_5serde2de11Deserialize11deserializeNtB5_9___VisitorNtB1a_7Visitor9expecting
FN:68,_RINvXs0_NvXNvNtCsbwBEBaEzfvW_11git_metrics7backends_1__NtBb_11NoteContentNtNtCslI84mjRi2PN_5serde2de11Deserialize11deserializeNtB6_9___VisitorNtB1b_7Visitor9visit_seqpEBd_
FN:68,_RINvXs0_NvXNvNtCsbwBEBaEzfvW_11git_metrics7backends_1__NtBb_11NoteContentNtNtCslI84mjRi2PN_5serde2de11Deserialize11deserializeNtB6_9___VisitorNtB1b_7Visitor9visit_mappEBd_
FNDA:2,_RNvXNtCsbwBEBaEzfvW_11git_metrics7backendNtB2_5ErrorNtNtB4_5error13DetailedError7details
FNDA:22,_RINvMs_NtCsbwBEBaEzfvW_11git_metrics7backendNtB5_7NoteRef14remote_metricsRNtNtCs2wnU2autU56_5alloc6string6StringEB7_
FNDA:88,_RINvMs_NtCsbwBEBaEzfvW_11git_metrics7backendNtB5_7NoteRef14remote_metricsReEB7_
FNDA:347,_RNvXs0_NtCsbwBEBaEzfvW_11git_metrics7backendNtB5_7NoteRefNtNtCs2ke5FKHNm4X_4core3fmt7Display3fmt
FNDA:6,_RNvXs1_NtCsbwBEBaEzfvW_11git_metrics7backendNtB5_8RevParseNtNtCs2ke5FKHNm4X_4core3fmt7Display3fmt
FNDA:2,_RNvXs4_NtCsbwBEBaEzfvW_11git_metrics7backendNtB5_5ErrorNtNtCs2ke5FKHNm4X_4core3fmt7Display3fmt
FNDA:1,_RNvXs5_NtCsbwBEBaEzfvW_11git_metrics7backendNtB5_5ErrorINtNtCs2ke5FKHNm4X_4core7convert4FromNtNtB5_7command5ErrorE4from
FNDA:1,_RNvXs6_NtCsbwBEBaEzfvW_11git_metrics7backendNtB5_5ErrorINtNtCs2ke5FKHNm4X_4core7convert4FromNtNtB5_4git25ErrorE4from
FNDA:0,_RNvXs7_NtCsbwBEBaEzfvW_11git_metrics7backendNtB5_5ErrorINtNtCs2ke5FKHNm4X_4core7convert4FromNtNtB5_4mock5ErrorE4from
FNDA:0,_RNvXs3_NtCsbwBEBaEzfvW_11git_metrics7backendNtB5_5ErrorNtNtCs2ke5FKHNm4X_4core5error5Error6source
FNDA:0,_RNvXNvXNvNtCsbwBEBaEzfvW_11git_metrics7backends_1__NtB7_11NoteContentNtNtCslI84mjRi2PN_5serde2de11Deserialize11deserializeNtB2_14___FieldVisitorNtB17_7Visitor9expecting
FNDA:0,_RINvXNvXNvNtCsbwBEBaEzfvW_11git_metrics7backends_1__NtB8_11NoteContentNtNtCslI84mjRi2PN_5serde2de11Deserialize11deserializeNtB3_14___FieldVisitorNtB18_7Visitor9visit_u64pEBa_
FNDA:0,_RINvXNvXNvNtCsbwBEBaEzfvW_11git_metrics7backends_1__NtB8_11NoteContentNtNtCslI84mjRi2PN_5serde2de11Deserialize11deserializeNtB3_14___FieldVisitorNtB18_7Visitor9visit_strpEBa_
FNDA:0,_RINvXNvXNvNtCsbwBEBaEzfvW_11git_metrics7backends_1__NtB8_11NoteContentNtNtCslI84mjRi2PN_5serde2de11Deserialize11deserializeNtB3_14___FieldVisitorNtB18_7Visitor11visit_bytespEBa_
FNDA:0,_RINvXs_NvXNvNtCsbwBEBaEzfvW_11git_metrics7backends_1__NtBa_11NoteContentNtNtCslI84mjRi2PN_5serde2de11Deserialize11deserializeNtB5_7___FieldB18_11deserializepEBc_
FNDA:0,_RNvXs0_NvXNvNtCsbwBEBaEzfvW_11git_metrics7backends_1__NtBa_11NoteContentNtNtCslI84mjRi2PN_5serde2de11Deserialize11deserializeNtB5_9___VisitorNtB1a_7Visitor9expecting
FNDA:0,_RINvXs0_NvXNvNtCsbwBEBaEzfvW_11git_metrics7backends_1__NtBb_11NoteContentNtNtCslI84mjRi2PN_5serde2de11Deserialize11deserializeNtB6_9___VisitorNtB1b_7Visitor9visit_seqpEBd_
FNDA:0,_RINvXs0_NvXNvNtCsbwBEBaEzfvW_11git_metrics7backends_1__NtBb_11NoteContentNtNtCslI84mjRi2PN_5serde2de11Deserialize11deserializeNtB6_9___VisitorNtB1b_7Visitor9visit_mappEBd_
FNF:6
FNH:5
DA:21,2
DA:35,2
DA:36,2
DA:38,1
DA:40,1
DA:42,0
DA:44,2
DA:54,110
DA:55,110
DA:56,110
DA:60,347
DA:61,347
DA:62,217
DA:63,130
DA:65,347
DA:68,0
DA:87,6
DA:88,6
DA:89,0
DA:90,6
DA:92,6
BRF:0
BRH:0
LF:21
LH:18
end_of_record
SF:/code/git-metrics/src/cmd/add.rs
FN:11,_RNCNvXs1_NtNtCsbwBEBaEzfvW_11git_metrics3cmd3addNtB7_10CommandAddNtNtCs5tKP36R4pfF_12clap_builder6derive14FromArgMatches20from_arg_matches_mut0Bb_
FN:13,_RNCNvXs1_NtNtCsbwBEBaEzfvW_11git_metrics3cmd3addNtB7_10CommandAddNtNtCs5tKP36R4pfF_12clap_builder6derive14FromArgMatches20from_arg_matches_muts_0Bb_
FN:16,_RNCNvXs1_NtNtCsbwBEBaEzfvW_11git_metrics3cmd3addNtB7_10CommandAddNtNtCs5tKP36R4pfF_12clap_builder6derive14FromArgMatches20from_arg_matches_muts0_0Bb_
FN:18,_RNCNvXs1_NtNtCsbwBEBaEzfvW_11git_metrics3cmd3addNtB7_10CommandAddNtNtCs5tKP36R4pfF_12clap_builder6derive14FromArgMatches20from_arg_matches_muts1_0Bb_
FN:22,_RINvXNtNtCsbwBEBaEzfvW_11git_metrics3cmd3addNtB3_10CommandAddNtB5_8Executor7executeNtNtNtB7_7backend4git211Git2BackendINtNtB5_7prelude11BasicWriterQINtNtCs2wnU2autU56_5alloc3vec3VechEEEB7_
FN:22,_RINvXNtNtCsbwBEBaEzfvW_11git_metrics3cmd3addNtB3_10CommandAddNtB5_8Executor7executeNtNtNtB7_7backend4git211Git2BackendINtNtB5_7prelude13ColoredWriterQINtNtCs2wnU2autU56_5alloc3vec3VechEEEB7_
FN:22,_RINvXNtNtCsbwBEBaEzfvW_11git_metrics3cmd3addNtB3_10CommandAddNtB5_8Executor7executeNtNtNtB7_7backend4mock11MockBackendINtNtB5_7prelude11BasicWriterQINtNtCs2wnU2autU56_5alloc3vec3VechEEEB7_
FN:22,_RINvXNtNtCsbwBEBaEzfvW_11git_metrics3cmd3addNtB3_10CommandAddNtB5_8Executor7executeNtNtNtB7_7backend4mock11MockBackendINtNtB5_7prelude13ColoredWriterQINtNtCs2wnU2autU56_5alloc3vec3VechEEEB7_
FN:22,_RINvXNtNtCsbwBEBaEzfvW_11git_metrics3cmd3addNtB3_10CommandAddNtB5_8Executor7executeNtNtNtB7_7backend7command14CommandBackendINtNtB5_7prelude11BasicWriterQINtNtCs2wnU2autU56_5alloc3vec3VechEEEB7_
FN:22,_RINvXNtNtCsbwBEBaEzfvW_11git_metrics3cmd3addNtB3_10CommandAddNtB5_8Executor7executeNtNtNtB7_7backend7command14CommandBackendINtNtB5_7prelude13ColoredWriterQINtNtCs2wnU2autU56_5alloc3vec3VechEEEB7_
FN:34,_RNCINvXNtNtCsbwBEBaEzfvW_11git_metrics3cmd3addNtB5_10CommandAddNtB7_8Executor7executeNtNtNtB9_7backend4git211Git2BackendINtNtB7_7prelude11BasicWriterQINtNtCs2wnU2autU56_5alloc3vec3VechEEE0B9_
FN:34,_RNCINvXNtNtCsbwBEBaEzfvW_11git_metrics3cmd3addNtB5_10CommandAddNtB7_8Executor7executeNtNtNtB9_7backend4git211Git2BackendINtNtB7_7prelude13ColoredWriterQINtNtCs2wnU2autU56_5alloc3vec3VechEEE0B9_
FN:34,_RNCINvXNtNtCsbwBEBaEzfvW_11git_metrics3cmd3addNtB5_10CommandAddNtB7_8Executor7executeNtNtNtB9_7backend4mock11MockBackendINtNtB7_7prelude11BasicWriterQINtNtCs2wnU2autU56_5alloc3vec3VechEEE0B9_
FN:34,_RNCINvXNtNtCsbwBEBaEzfvW_11git_metrics3cmd3addNtB5_10CommandAddNtB7_8Executor7executeNtNtNtB9_7backend4mock11MockBackendINtNtB7_7prelude13ColoredWriterQINtNtCs2wnU2autU56_5alloc3vec3VechEEE0B9_
FN:34,_RNCINvXNtNtCsbwBEBaEzfvW_11git_metrics3cmd3addNtB5_10CommandAddNtB7_8Executor7executeNtNtNtB9_7backend7command14CommandBackendINtNtB7_7prelude11BasicWriterQINtNtCs2wnU2autU56_5alloc3vec3VechEEE0B9_
FN:34,_RNCINvXNtNtCsbwBEBaEzfvW_11git_metrics3cmd3addNtB5_10CommandAddNtB7_8Executor7executeNtNtNtB9_7backend7command14CommandBackendINtNtB7_7prelude13ColoredWriterQINtNtCs2wnU2autU56_5alloc3vec3VechEEE0B9_
FN:55,_RNvNtNtNtCsbwBEBaEzfvW_11git_metrics3cmd3add5testss_36should_add_metric_with_one_attribute
FN:71,_RNvNtNtNtCsbwBEBaEzfvW_11git_metrics3cmd3add5testss_42should_add_metric_with_multiple_attributes
FN:111,_RNvNtNtNtCsbwBEBaEzfvW_11git_metrics3cmd3add5testss_37should_add_metric_to_different_target
FN:11,_RNCNvXs1_NtNtCsbwBEBaEzfvW_11git_metrics3cmd3addNtB7_10CommandAddNtNtCs5tKP36R4pfF_12clap_builder6derive14FromArgMatches27update_from_arg_matches_mut0Bb_
FN:13,_RNCNvXs1_NtNtCsbwBEBaEzfvW_11git_metrics3cmd3addNtB7_10CommandAddNtNtCs5tKP36R4pfF_12clap_builder6derive14FromArgMatches27update_from_arg_matches_muts_0Bb_
FN:16,_RNCNvXs1_NtNtCsbwBEBaEzfvW_11git_metrics3cmd3addNtB7_10CommandAddNtNtCs5tKP36R4pfF_12clap_builder6derive14FromArgMatches27update_from_arg_matches_muts0_0Bb_
FN:18,_RNCNvXs1_NtNtCsbwBEBaEzfvW_11git_metrics3cmd3addNtB7_10CommandAddNtNtCs5tKP36R4pfF_12clap_builder6derive14FromArgMatches27update_from_arg_matches_muts1_0Bb_
FNDA:0,_RNCNvXs1_NtNtCsbwBEBaEzfvW_11git_metrics3cmd3addNtB7_10CommandAddNtNtCs5tKP36R4pfF_12clap_builder6derive14FromArgMatches20from_arg_matches_mut0Bb_
FNDA:0,_RNCNvXs1_NtNtCsbwBEBaEzfvW_11git_metrics3cmd3addNtB7_10CommandAddNtNtCs5tKP36R4pfF_12clap_builder6derive14FromArgMatches20from_arg_matches_muts_0Bb_
FNDA:34,_RNCNvXs1_NtNtCsbwBEBaEzfvW_11git_metrics3cmd3addNtB7_10CommandAddNtNtCs5tKP36R4pfF_12clap_builder6derive14FromArgMatches20from_arg_matches_muts0_0Bb_
FNDA:0,_RNCNvXs1_NtNtCsbwBEBaEzfvW_11git_metrics3cmd3addNtB7_10CommandAddNtNtCs5tKP36R4pfF_12clap_builder6derive14FromArgMatches20from_arg_matches_muts1_0Bb_
FNDA:28,_RINvXNtNtCsbwBEBaEzfvW_11git_metrics3cmd3addNtB3_10CommandAddNtB5_8Executor7executeNtNtNtB7_7backend4git211Git2BackendINtNtB5_7prelude11BasicWriterQINtNtCs2wnU2autU56_5alloc3vec3VechEEEB7_
FNDA:0,_RINvXNtNtCsbwBEBaEzfvW_11git_metrics3cmd3addNtB3_10CommandAddNtB5_8Executor7executeNtNtNtB7_7backend4git211Git2BackendINtNtB5_7prelude13ColoredWriterQINtNtCs2wnU2autU56_5alloc3vec3VechEEEB7_
FNDA:3,_RINvXNtNtCsbwBEBaEzfvW_11git_metrics3cmd3addNtB3_10CommandAddNtB5_8Executor7executeNtNtNtB7_7backend4mock11MockBackendINtNtB5_7prelude11BasicWriterQINtNtCs2wnU2autU56_5alloc3vec3VechEEEB7_
FNDA:0,_RINvXNtNtCsbwBEBaEzfvW_11git_metrics3cmd3addNtB3_10CommandAddNtB5_8Executor7executeNtNtNtB7_7backend4mock11MockBackendINtNtB5_7prelude13ColoredWriterQINtNtCs2wnU2autU56_5alloc3vec3VechEEEB7_
FNDA:14,_RINvXNtNtCsbwBEBaEzfvW_11git_metrics3cmd3addNtB3_10CommandAddNtB5_8Executor7executeNtNtNtB7_7backend7command14CommandBackendINtNtB5_7prelude11BasicWriterQINtNtCs2wnU2autU56_5alloc3vec3VechEEEB7_
FNDA:0,_RINvXNtNtCsbwBEBaEzfvW_11git_metrics3cmd3addNtB3_10CommandAddNtB5_8Executor7executeNtNtNtB7_7backend7command14CommandBackendINtNtB5_7prelude13ColoredWriterQINtNtCs2wnU2autU56_5alloc3vec3VechEEEB7_
FNDA:23,_RNCINvXNtNtCsbwBEBaEzfvW_11git_metrics3cmd3addNtB5_10CommandAddNtB7_8Executor7executeNtNtNtB9_7backend4git211Git2BackendINtNtB7_7prelude11BasicWriterQINtNtCs2wnU2autU56_5alloc3vec3VechEEE0B9_
FNDA:0,_RNCINvXNtNtCsbwBEBaEzfvW_11git_metrics3cmd3addNtB5_10CommandAddNtB7_8Executor7executeNtNtNtB9_7backend4git211Git2BackendINtNtB7_7prelude13ColoredWriterQINtNtCs2wnU2autU56_5alloc3vec3VechEEE0B9_
FNDA:3,_RNCINvXNtNtCsbwBEBaEzfvW_11git_metrics3cmd3addNtB5_10CommandAddNtB7_8Executor7executeNtNtNtB9_7backend4mock11MockBackendINtNtB7_7prelude11BasicWriterQINtNtCs2wnU2autU56_5alloc3vec3VechEEE0B9_
FNDA:0,_RNCINvXNtNtCsbwBEBaEzfvW_11git_metrics3cmd3addNtB5_10CommandAddNtB7_8Executor7executeNtNtNtB9_7backend4mock11MockBackendINtNtB7_7prelude13ColoredWriterQINtNtCs2wnU2autU56_5alloc3vec3VechEEE0B9_
FNDA:9,_RNCINvXNtNtCsbwBEBaEzfvW_11git_metrics3cmd3addNtB5_10CommandAddNtB7_8Executor7executeNtNtNtB9_7backend7command14CommandBackendINtNtB7_7prelude11BasicWriterQINtNtCs2wnU2autU56_5alloc3vec3VechEEE0B9_
FNDA:0,_RNCINvXNtNtCsbwBEBaEzfvW_11git_metrics3cmd3addNtB5_10CommandAddNtB7_8Executor7executeNtNtNtB9_7backend7command14CommandBackendINtNtB7_7prelude13ColoredWriterQINtNtCs2wnU2autU56_5alloc3vec3VechEEE0B9_
FNDA:1,_RNvNtNtNtCsbwBEBaEzfvW_11git_metrics3cmd3add5testss_36should_add_metric_with_one_attribute
FNDA:1,_RNvNtNtNtCsbwBEBaEzfvW_11git_metrics3cmd3add5testss_42should_add_metric_with_multiple_attributes
FNDA:1,_RNvNtNtNtCsbwBEBaEzfvW_11git_metrics3cmd3add5testss_37should_add_metric_to_different_target
FNDA:0,_RNCNvXs1_NtNtCsbwBEBaEzfvW_11git_metrics3cmd3addNtB7_10CommandAddNtNtCs5tKP36R4pfF_12clap_builder6derive14FromArgMatches27update_from_arg_matches_mut0Bb_
FNDA:0,_RNCNvXs1_NtNtCsbwBEBaEzfvW_11git_metrics3cmd3addNtB7_10CommandAddNtNtCs5tKP36R4pfF_12clap_builder6derive14FromArgMatches27update_from_arg_matches_muts_0Bb_
FNDA:0,_RNCNvXs1_NtNtCsbwBEBaEzfvW_11git_metrics3cmd3addNtB7_10CommandAddNtNtCs5tKP36R4pfF_12clap_builder6derive14FromArgMatches27update_from_arg_matches_muts0_0Bb_
FNDA:0,_RNCNvXs1_NtNtCsbwBEBaEzfvW_11git_metrics3cmd3addNtB7_10CommandAddNtNtCs5tKP36R4pfF_12clap_builder6derive14FromArgMatches27update_from_arg_matches_muts1_0Bb_
FNF:9
FNH:6
DA:11,0
DA:13,0
DA:16,34
DA:18,0
DA:22,45
DA:34,35
DA:55,1
DA:56,1
DA:57,1
DA:58,1
DA:59,1
DA:60,1
DA:61,1
DA:62,1
DA:63,1
DA:64,1
DA:65,1
DA:66,1
DA:67,1
DA:68,1
DA:71,1
DA:72,1
DA:73,1
DA:74,1
DA:75,1
DA:76,1
DA:77,1
DA:78,1
DA:79,1
DA:80,1
DA:81,1
DA:82,1
DA:83,1
DA:84,1
DA:85,1
DA:86,1
DA:87,1
DA:88,1
DA:89,1
DA:90,1
DA:91,1
DA:92,1
DA:94,1
DA:95,1
DA:96,1
DA:97,1
DA:98,1
DA:99,1
DA:100,1
DA:101,1
DA:102,1
DA:103,1
DA:104,1
DA:105,1
DA:106,1
DA:107,1
DA:108,1
DA:111,1
DA:112,1
DA:113,1
DA:114,1
DA:115,1
DA:116,1
DA:117,1
DA:118,1
DA:119,1
DA:120,1
DA:121,1
DA:122,1
DA:123,1
DA:125,1
DA:126,1
DA:127,1
DA:128,1
DA:129,1
DA:130,1
DA:131,1
DA:132,1
DA:133,1
DA:134,1
DA:135,1
DA:136,1
DA:137,1
BRF:0
BRH:0
LF:83
LH:80
end_of_record
SF:/code/git-metrics/src/cmd/check/format.rs
FN:10,_RNvMNtNtNtCsbwBEBaEzfvW_11git_metrics3cmd5check6formatNtNtNtB8_6entity5check6Status9big_label
FN:18,_RNvMNtNtNtCsbwBEBaEzfvW_11git_metrics3cmd5check6formatNtNtNtB8_6entity5check6Status5style
FN:32,_RNvMNtNtNtCsbwBEBaEzfvW_11git_metrics3cmd5check6formatNtNtNtB8_6entity5check6Status11small_label
FN:47,_RNvMs_NtNtNtCsbwBEBaEzfvW_11git_metrics3cmd5check6formatNtB4_10TextStatus3newBa_
FN:53,_RINvXs0_NtNtNtCsbwBEBaEzfvW_11git_metrics3cmd5check6formatNtB6_10TextStatusNtNtBa_7prelude13PrettyDisplay5printINtB1d_11BasicWriterINtNtCs2wnU2autU56_5alloc3vec3VechEEEBc_
FN:53,_RINvXs0_NtNtNtCsbwBEBaEzfvW_11git_metrics3cmd5check6formatNtB6_10TextStatusNtNtBa_7prelude13PrettyDisplay5printINtB1d_11BasicWriterQINtNtCs2wnU2autU56_5alloc3vec3VechEEEBc_
FN:53,_RINvXs0_NtNtNtCsbwBEBaEzfvW_11git_metrics3cmd5check6formatNtB6_10TextStatusNtNtBa_7prelude13PrettyDisplay5printINtB1d_13ColoredWriterQINtNtCs2wnU2autU56_5alloc3vec3VechEEEBc_
FN:68,_RNvMs1_NtNtNtCsbwBEBaEzfvW_11git_metrics3cmd5check6formatNtB5_15SmallTextStatus3newBb_
FN:74,_RINvXs2_NtNtNtCsbwBEBaEzfvW_11git_metrics3cmd5check6formatNtB6_15SmallTextStatusNtNtBa_7prelude13PrettyDisplay5printINtB1i_11BasicWriterINtNtCs2wnU2autU56_5alloc3vec3VechEEEBc_
FN:74,_RINvXs2_NtNtNtCsbwBEBaEzfvW_11git_metrics3cmd5check6formatNtB6_15SmallTextStatusNtNtBa_7prelude13PrettyDisplay5printINtB1i_11BasicWriterQINtNtCs2wnU2autU56_5alloc3vec3VechEEEBc_
FN:74,_RINvXs2_NtNtNtCsbwBEBaEzfvW_11git_metrics3cmd5check6formatNtB6_15SmallTextStatusNtNtBa_7prelude13PrettyDisplay5printINtB1i_13ColoredWriterQINtNtCs2wnU2autU56_5alloc3vec3VechEEEBc_
FN:90,_RNvMs3_NtNtNtCsbwBEBaEzfvW_11git_metrics3cmd5check6formatNtB5_8TextRule3newBb_
FN:96,_RNvXs4_NtNtNtCsbwBEBaEzfvW_11git_metrics3cmd5check6formatNtB5_8TextRuleNtNtCs2ke5FKHNm4X_4core3fmt7Display3fmt
FN:145,_RNvMs5_NtNtNtCsbwBEBaEzfvW_11git_metrics3cmd5check6formatNtB5_14TextComparison3newBb_
FN:151,_RNvXs6_NtNtNtCsbwBEBaEzfvW_11git_metrics3cmd5check6formatNtB5_14TextComparisonNtNtCs2ke5FKHNm4X_4core3fmt7Display3fmt
FN:222,_RINvMs7_NtNtNtCsbwBEBaEzfvW_11git_metrics3cmd5check6formatNtB6_13TextFormatter12format_checkINtNtBa_7prelude11BasicWriterINtNtCs2wnU2autU56_5alloc3vec3VechEEEBc_
FN:222,_RINvMs7_NtNtNtCsbwBEBaEzfvW_11git_metrics3cmd5check6formatNtB6_13TextFormatter12format_checkINtNtBa_7prelude11BasicWriterQINtNtCs2wnU2autU56_5alloc3vec3VechEEEBc_
FN:222,_RINvMs7_NtNtNtCsbwBEBaEzfvW_11git_metrics3cmd5check6formatNtB6_13TextFormatter12format_checkINtNtBa_7prelude13ColoredWriterQINtNtCs2wnU2autU56_5alloc3vec3VechEEEBc_
FN:241,_RINvMs7_NtNtNtCsbwBEBaEzfvW_11git_metrics3cmd5check6formatNtB6_13TextFormatter13format_metricINtNtBa_7prelude11BasicWriterINtNtCs2wnU2autU56_5alloc3vec3VechEEEBc_
FN:241,_RINvMs7_NtNtNtCsbwBEBaEzfvW_11git_metrics3cmd5check6formatNtB6_13TextFormatter13format_metricINtNtBa_7prelude11BasicWriterQINtNtCs2wnU2autU56_5alloc3vec3VechEEEBc_
FN:241,_RINvMs7_NtNtNtCsbwBEBaEzfvW_11git_metrics3cmd5check6formatNtB6_13TextFormatter13format_metricINtNtBa_7prelude13ColoredWriterQINtNtCs2wnU2autU56_5alloc3vec3VechEEEBc_
FN:280,_RINvMs7_NtNtNtCsbwBEBaEzfvW_11git_metrics3cmd5check6formatNtB6_13TextFormatter6formatINtNtBa_7prelude11BasicWriterINtNtCs2wnU2autU56_5alloc3vec3VechEEEBc_
FN:280,_RINvMs7_NtNtNtCsbwBEBaEzfvW_11git_metrics3cmd5check6formatNtB6_13TextFormatter6formatINtNtBa_7prelude11BasicWriterQINtNtCs2wnU2autU56_5alloc3vec3VechEEEBc_
FN:280,_RINvMs7_NtNtNtCsbwBEBaEzfvW_11git_metrics3cmd5check6formatNtB6_13TextFormatter6formatINtNtBa_7prelude13ColoredWriterQINtNtCs2wnU2autU56_5alloc3vec3VechEEEBc_
FN:303,_RNvNtNtNtNtCsbwBEBaEzfvW_11git_metrics3cmd5check6format5tests18complete_checklist
FN:389,_RNvNtNtNtNtCsbwBEBaEzfvW_11git_metrics3cmd5check6format5testss_32should_format_to_text_by_default
FN:403,_RNvNtNtNtNtCsbwBEBaEzfvW_11git_metrics3cmd5check6format5testss_41should_format_to_text_with_success_showed
FNDA:26,_RNvMNtNtNtCsbwBEBaEzfvW_11git_metrics3cmd5check6formatNtNtNtB8_6entity5check6Status9big_label
FNDA:43,_RNvMNtNtNtCsbwBEBaEzfvW_11git_metrics3cmd5check6formatNtNtNtB8_6entity5check6Status5style
FNDA:17,_RNvMNtNtNtCsbwBEBaEzfvW_11git_metrics3cmd5check6formatNtNtNtB8_6entity5check6Status11small_label
FNDA:26,_RNvMs_NtNtNtCsbwBEBaEzfvW_11git_metrics3cmd5check6formatNtB4_10TextStatus3newBa_
FNDA:14,_RINvXs0_NtNtNtCsbwBEBaEzfvW_11git_metrics3cmd5check6formatNtB6_10TextStatusNtNtBa_7prelude13PrettyDisplay5printINtB1d_11BasicWriterINtNtCs2wnU2autU56_5alloc3vec3VechEEEBc_
FNDA:12,_RINvXs0_NtNtNtCsbwBEBaEzfvW_11git_metrics3cmd5check6formatNtB6_10TextStatusNtNtBa_7prelude13PrettyDisplay5printINtB1d_11BasicWriterQINtNtCs2wnU2autU56_5alloc3vec3VechEEEBc_
FNDA:0,_RINvXs0_NtNtNtCsbwBEBaEzfvW_11git_metrics3cmd5check6formatNtB6_10TextStatusNtNtBa_7prelude13PrettyDisplay5printINtB1d_13ColoredWriterQINtNtCs2wnU2autU56_5alloc3vec3VechEEEBc_
FNDA:17,_RNvMs1_NtNtNtCsbwBEBaEzfvW_11git_metrics3cmd5check6formatNtB5_15SmallTextStatus3newBb_
FNDA:11,_RINvXs2_NtNtNtCsbwBEBaEzfvW_11git_metrics3cmd5check6formatNtB6_15SmallTextStatusNtNtBa_7prelude13PrettyDisplay5printINtB1i_11BasicWriterINtNtCs2wnU2autU56_5alloc3vec3VechEEEBc_
FNDA:6,_RINvXs2_NtNtNtCsbwBEBaEzfvW_11git_metrics3cmd5check6formatNtB6_15SmallTextStatusNtNtBa_7prelude13PrettyDisplay5printINtB1i_11BasicWriterQINtNtCs2wnU2autU56_5alloc3vec3VechEEEBc_
FNDA:0,_RINvXs2_NtNtNtCsbwBEBaEzfvW_11git_metrics3cmd5check6formatNtB6_15SmallTextStatusNtNtBa_7prelude13PrettyDisplay5printINtB1i_13ColoredWriterQINtNtCs2wnU2autU56_5alloc3vec3VechEEEBc_
FNDA:17,_RNvMs3_NtNtNtCsbwBEBaEzfvW_11git_metrics3cmd5check6formatNtB5_8TextRule3newBb_
FNDA:17,_RNvXs4_NtNtNtCsbwBEBaEzfvW_11git_metrics3cmd5check6formatNtB5_8TextRuleNtNtCs2ke5FKHNm4X_4core3fmt7Display3fmt
FNDA:26,_RNvMs5_NtNtNtCsbwBEBaEzfvW_11git_metrics3cmd5check6formatNtB5_14TextComparison3newBb_
FNDA:26,_RNvXs6_NtNtNtCsbwBEBaEzfvW_11git_metrics3cmd5check6formatNtB5_14TextComparisonNtNtCs2ke5FKHNm4X_4core3fmt7Display3fmt
FNDA:16,_RINvMs7_NtNtNtCsbwBEBaEzfvW_11git_metrics3cmd5check6formatNtB6_13TextFormatter12format_checkINtNtBa_7prelude11BasicWriterINtNtCs2wnU2autU56_5alloc3vec3VechEEEBc_
FNDA:26,_RINvMs7_NtNtNtCsbwBEBaEzfvW_11git_metrics3cmd5check6formatNtB6_13TextFormatter12format_checkINtNtBa_7prelude11BasicWriterQINtNtCs2wnU2autU56_5alloc3vec3VechEEEBc_
FNDA:0,_RINvMs7_NtNtNtCsbwBEBaEzfvW_11git_metrics3cmd5check6formatNtB6_13TextFormatter12format_checkINtNtBa_7prelude13ColoredWriterQINtNtCs2wnU2autU56_5alloc3vec3VechEEEBc_
FNDA:14,_RINvMs7_NtNtNtCsbwBEBaEzfvW_11git_metrics3cmd5check6formatNtB6_13TextFormatter13format_metricINtNtBa_7prelude11BasicWriterINtNtCs2wnU2autU56_5alloc3vec3VechEEEBc_
FNDA:12,_RINvMs7_NtNtNtCsbwBEBaEzfvW_11git_metrics3cmd5check6formatNtB6_13TextFormatter13format_metricINtNtBa_7prelude11BasicWriterQINtNtCs2wnU2autU56_5alloc3vec3VechEEEBc_
FNDA:0,_RINvMs7_NtNtNtCsbwBEBaEzfvW_11git_metrics3cmd5check6formatNtB6_13TextFormatter13format_metricINtNtBa_7prelude13ColoredWriterQINtNtCs2wnU2autU56_5alloc3vec3VechEEEBc_
FNDA:2,_RINvMs7_NtNtNtCsbwBEBaEzfvW_11git_metrics3cmd5check6formatNtB6_13TextFormatter6formatINtNtBa_7prelude11BasicWriterINtNtCs2wnU2autU56_5alloc3vec3VechEEEBc_
FNDA:4,_RINvMs7_NtNtNtCsbwBEBaEzfvW_11git_metrics3cmd5check6formatNtB6_13TextFormatter6formatINtNtBa_7prelude11BasicWriterQINtNtCs2wnU2autU56_5alloc3vec3VechEEEBc_
FNDA:0,_RINvMs7_NtNtNtCsbwBEBaEzfvW_11git_metrics3cmd5check6formatNtB6_13TextFormatter6formatINtNtBa_7prelude13ColoredWriterQINtNtCs2wnU2autU56_5alloc3vec3VechEEEBc_
FNDA:2,_RNvNtNtNtNtCsbwBEBaEzfvW_11git_metrics3cmd5check6format5tests18complete_checklist
FNDA:1,_RNvNtNtNtNtCsbwBEBaEzfvW_11git_metrics3cmd5check6format5testss_32should_format_to_text_by_default
FNDA:1,_RNvNtNtNtNtCsbwBEBaEzfvW_11git_metrics3cmd5check6format5testss_41should_format_to_text_with_success_showed
FNF:17
FNH:17
DA:10,26
DA:11,26
DA:12,8
DA:13,4
DA:14,14
DA:16,26
DA:18,43
DA:19,43
DA:20,18
DA:21,18
DA:22,18
DA:23,5
DA:24,5
DA:25,5
DA:26,20
DA:27,20
DA:28,20
DA:30,43
DA:32,17
DA:33,17
DA:34,10
DA:35,1
DA:36,6
DA:38,17
DA:47,26
DA:48,26
DA:49,26
DA:53,26
DA:54,26
DA:55,26
DA:56,26
DA:57,26
DA:58,26
DA:59,26
DA:68,17
DA:69,17
DA:70,17
DA:74,17
DA:75,17
DA:76,17
DA:77,17
DA:78,17
DA:79,17
DA:80,17
DA:90,17
DA:91,17
DA:92,17
DA:96,17
DA:97,11
DA:98,6
DA:99,6
DA:101,0
DA:102,0
DA:103,0
DA:104,0
DA:105,0
DA:106,8
DA:107,8
DA:108,8
DA:109,8
DA:110,8
DA:111,8
DA:113,3
DA:114,3
DA:115,3
DA:116,3
DA:117,3
DA:118,3
DA:120,0
DA:121,0
DA:122,0
DA:123,0
DA:124,0
DA:125,0
DA:127,0
DA:128,0
DA:129,0
DA:130,0
DA:131,0
DA:132,0
DA:135,17
DA:145,26
DA:146,26
DA:147,26
DA:151,26
DA:152,26
DA:153,16
DA:154,0
DA:155,0
DA:157,0
DA:158,0
DA:161,26
DA:162,26
DA:163,26
DA:164,26
DA:165,26
DA:166,26
DA:167,26
DA:168,26
DA:169,10
DA:170,10
DA:171,10
DA:172,10
DA:173,10
DA:174,10
DA:177,16
DA:178,16
DA:179,16
DA:180,16
DA:181,16
DA:182,16
DA:183,16
DA:184,16
DA:185,16
DA:186,16
DA:187,16
DA:188,16
DA:189,16
DA:190,16
DA:191,16
DA:192,16
DA:195,0
DA:196,0
DA:197,0
DA:198,0
DA:199,0
DA:200,0
DA:201,0
DA:202,0
DA:203,0
DA:204,0
DA:205,0
DA:206,0
DA:207,0
DA:208,0
DA:209,0
DA:212,26
DA:222,42
DA:223,42
DA:224,42
DA:225,42
DA:226,42
DA:227,42
DA:228,31
DA:229,25
DA:230,0
DA:232,17
DA:233,17
DA:234,17
DA:235,17
DA:236,17
DA:239,42
DA:241,26
DA:242,26
DA:243,26
DA:244,26
DA:245,26
DA:246,26
DA:247,26
DA:248,26
DA:249,26
DA:250,26
DA:251,26
DA:252,26
DA:253,26
DA:254,26
DA:255,26
DA:256,36
DA:257,36
DA:259,26
DA:260,30
DA:261,30
DA:262,26
DA:263,25
DA:265,6
DA:266,6
DA:267,6
DA:268,6
DA:269,6
DA:270,6
DA:271,6
DA:272,6
DA:273,6
DA:275,24
DA:277,26
DA:278,26
DA:280,6
DA:281,6
DA:282,6
DA:283,6
DA:284,6
DA:285,6
DA:286,26
DA:287,26
DA:288,26
DA:290,6
DA:291,6
DA:303,2
DA:304,2
DA:305,2
DA:306,2
DA:307,2
DA:308,2
DA:309,2
DA:310,2
DA:311,2
DA:312,2
DA:313,2
DA:314,2
DA:315,2
DA:316,2
DA:317,2
DA:318,2
DA:319,2
DA:320,2
DA:321,2
DA:322,2
DA:323,2
DA:324,2
DA:325,2
DA:326,2
DA:327,2
DA:328,2
DA:329,2
DA:330,2
DA:331,2
DA:332,2
DA:333,2
DA:334,2
DA:335,2
DA:336,2
DA:337,2
DA:338,2
DA:339,2
DA:340,2
DA:341,2
DA:342,2
DA:343,2
DA:344,2
DA:345,2
DA:346,2
DA:347,2
DA:348,2
DA:349,2
DA:350,2
DA:351,2
DA:352,2
DA:353,2
DA:354,2
DA:355,2
DA:356,2
DA:357,2
DA:358,2
DA:359,2
DA:360,2
DA:361,2
DA:362,2
DA:363,2
DA:364,2
DA:365,2
DA:366,2
DA:367,2
DA:368,2
DA:369,2
DA:370,2
DA:371,2
DA:372,2
DA:373,2
DA:374,2
DA:375,2
DA:376,2
DA:377,2
DA:378,2
DA:379,2
DA:380,2
DA:381,2
DA:382,2
DA:383,2
DA:384,2
DA:385,2
DA:386,2
DA:389,1
DA:390,1
DA:391,1
DA:392,1
DA:393,1
DA:394,1
DA:395,1
DA:396,1
DA:397,1
DA:398,1
DA:399,1
DA:400,1
DA:403,1
DA:404,1
DA:405,1
DA:406,1
DA:407,1
DA:408,1
DA:409,1
DA:410,1
DA:411,1
DA:412,1
DA:413,1
DA:414,1
DA:415,1
DA:416,1
DA:417,1
DA:418,1
DA:419,1
DA:420,1
BRF:0
BRH:0
LF:311
LH:274
end_of_record
SF:/code/git-metrics/src/cmd/check/mod.rs
FN:13,_RNCNvXs1_NtNtCsbwBEBaEzfvW_11git_metrics3cmd5checkNtB7_12CommandCheckNtNtCs5tKP36R4pfF_12clap_builder6derive14FromArgMatches20from_arg_matches_mut0Bb_
FN:16,_RNCNvXs1_NtNtCsbwBEBaEzfvW_11git_metrics3cmd5checkNtB7_12CommandCheckNtNtCs5tKP36R4pfF_12clap_builder6derive14FromArgMatches20from_arg_matches_muts_0Bb_
FN:19,_RNCNvXs1_NtNtCsbwBEBaEzfvW_11git_metrics3cmd5checkNtB7_12CommandCheckNtNtCs5tKP36R4pfF_12clap_builder6derive14FromArgMatches20from_arg_matches_muts0_0Bb_
FN:24,_RNCNvXs1_NtNtCsbwBEBaEzfvW_11git_metrics3cmd5checkNtB7_12CommandCheckNtNtCs5tKP36R4pfF_12clap_builder6derive14FromArgMatches20from_arg_matches_muts1_0Bb_
FN:28,_RINvXNtNtCsbwBEBaEzfvW_11git_metrics3cmd5checkNtB3_12CommandCheckNtB5_8Executor7executeNtNtNtB7_7backend4git211Git2BackendINtNtB5_7prelude11BasicWriterQINtNtCs2wnU2autU56_5alloc3vec3VechEEEB7_
FN:28,_RINvXNtNtCsbwBEBaEzfvW_11git_metrics3cmd5checkNtB3_12CommandCheckNtB5_8Executor7executeNtNtNtB7_7backend4git211Git2BackendINtNtB5_7prelude13ColoredWriterQINtNtCs2wnU2autU56_5alloc3vec3VechEEEB7_
FN:28,_RINvXNtNtCsbwBEBaEzfvW_11git_metrics3cmd5checkNtB3_12CommandCheckNtB5_8Executor7executeNtNtNtB7_7backend4mock11MockBackendINtNtB5_7prelude11BasicWriterQINtNtCs2wnU2autU56_5alloc3vec3VechEEEB7_
FN:28,_RINvXNtNtCsbwBEBaEzfvW_11git_metrics3cmd5checkNtB3_12CommandCheckNtB5_8Executor7executeNtNtNtB7_7backend4mock11MockBackendINtNtB5_7prelude13ColoredWriterQINtNtCs2wnU2autU56_5alloc3vec3VechEEEB7_
FN:28,_RINvXNtNtCsbwBEBaEzfvW_11git_metrics3cmd5checkNtB3_12CommandCheckNtB5_8Executor7executeNtNtNtB7_7backend7command14CommandBackendINtNtB5_7prelude11BasicWriterQINtNtCs2wnU2autU56_5alloc3vec3VechEEEB7_
FN:28,_RINvXNtNtCsbwBEBaEzfvW_11git_metrics3cmd5checkNtB3_12CommandCheckNtB5_8Executor7executeNtNtNtB7_7backend7command14CommandBackendINtNtB5_7prelude13ColoredWriterQINtNtCs2wnU2autU56_5alloc3vec3VechEEEB7_
FN:13,_RNCNvXs1_NtNtCsbwBEBaEzfvW_11git_metrics3cmd5checkNtB7_12CommandCheckNtNtCs5tKP36R4pfF_12clap_builder6derive14FromArgMatches27update_from_arg_matches_mut0Bb_
FN:16,_RNCNvXs1_NtNtCsbwBEBaEzfvW_11git_metrics3cmd5checkNtB7_12CommandCheckNtNtCs5tKP36R4pfF_12clap_builder6derive14FromArgMatches27update_from_arg_matches_muts_0Bb_
FN:19,_RNCNvXs1_NtNtCsbwBEBaEzfvW_11git_metrics3cmd5checkNtB7_12CommandCheckNtNtCs5tKP36R4pfF_12clap_builder6derive14FromArgMatches27update_from_arg_matches_muts0_0Bb_
FN:24,_RNCNvXs1_NtNtCsbwBEBaEzfvW_11git_metrics3cmd5checkNtB7_12CommandCheckNtNtCs5tKP36R4pfF_12clap_builder6derive14FromArgMatches27update_from_arg_matches_muts1_0Bb_
FNDA:0,_RNCNvXs1_NtNtCsbwBEBaEzfvW_11git_metrics3cmd5checkNtB7_12CommandCheckNtNtCs5tKP36R4pfF_12clap_builder6derive14FromArgMatches20from_arg_matches_mut0Bb_
FNDA:0,_RNCNvXs1_NtNtCsbwBEBaEzfvW_11git_metrics3cmd5checkNtB7_12CommandCheckNtNtCs5tKP36R4pfF_12clap_builder6derive14FromArgMatches20from_arg_matches_muts_0Bb_
FNDA:0,_RNCNvXs1_NtNtCsbwBEBaEzfvW_11git_metrics3cmd5checkNtB7_12CommandCheckNtNtCs5tKP36R4pfF_12clap_builder6derive14FromArgMatches20from_arg_matches_muts0_0Bb_
FNDA:0,_RNCNvXs1_NtNtCsbwBEBaEzfvW_11git_metrics3cmd5checkNtB7_12CommandCheckNtNtCs5tKP36R4pfF_12clap_builder6derive14FromArgMatches20from_arg_matches_muts1_0Bb_
FNDA:2,_RINvXNtNtCsbwBEBaEzfvW_11git_metrics3cmd5checkNtB3_12CommandCheckNtB5_8Executor7executeNtNtNtB7_7backend4git211Git2BackendINtNtB5_7prelude11BasicWriterQINtNtCs2wnU2autU56_5alloc3vec3VechEEEB7_
FNDA:0,_RINvXNtNtCsbwBEBaEzfvW_11git_metrics3cmd5checkNtB3_12CommandCheckNtB5_8Executor7executeNtNtNtB7_7backend4git211Git2BackendINtNtB5_7prelude13ColoredWriterQINtNtCs2wnU2autU56_5alloc3vec3VechEEEB7_
FNDA:0,_RINvXNtNtCsbwBEBaEzfvW_11git_metrics3cmd5checkNtB3_12CommandCheckNtB5_8Executor7executeNtNtNtB7_7backend4mock11MockBackendINtNtB5_7prelude11BasicWriterQINtNtCs2wnU2autU56_5alloc3vec3VechEEEB7_
FNDA:0,_RINvXNtNtCsbwBEBaEzfvW_11git_metrics3cmd5checkNtB3_12CommandCheckNtB5_8Executor7executeNtNtNtB7_7backend4mock11MockBackendINtNtB5_7prelude13ColoredWriterQINtNtCs2wnU2autU56_5alloc3vec3VechEEEB7_
FNDA:2,_RINvXNtNtCsbwBEBaEzfvW_11git_metrics3cmd5checkNtB3_12CommandCheckNtB5_8Executor7executeNtNtNtB7_7backend7command14CommandBackendINtNtB5_7prelude11BasicWriterQINtNtCs2wnU2autU56_5alloc3vec3VechEEEB7_
FNDA:0,_RINvXNtNtCsbwBEBaEzfvW_11git_metrics3cmd5checkNtB3_12CommandCheckNtB5_8Executor7executeNtNtNtB7_7backend7command14CommandBackendINtNtB5_7prelude13ColoredWriterQINtNtCs2wnU2autU56_5alloc3vec3VechEEEB7_
FNDA:0,_RNCNvXs1_NtNtCsbwBEBaEzfvW_11git_metrics3cmd5checkNtB7_12CommandCheckNtNtCs5tKP36R4pfF_12clap_builder6derive14FromArgMatches27update_from_arg_matches_mut0Bb_
FNDA:0,_RNCNvXs1_NtNtCsbwBEBaEzfvW_11git_metrics3cmd5checkNtB7_12CommandCheckNtNtCs5tKP36R4pfF_12clap_builder6derive14FromArgMatches27update_from_arg_matches_muts_0Bb_
FNDA:0,_RNCNvXs1_NtNtCsbwBEBaEzfvW_11git_metrics3cmd5checkNtB7_12CommandCheckNtNtCs5tKP36R4pfF_12clap_builder6derive14FromArgMatches27update_from_arg_matches_muts0_0Bb_
FNDA:0,_RNCNvXs1_NtNtCsbwBEBaEzfvW_11git_metrics3cmd5checkNtB7_12CommandCheckNtNtCs5tKP36R4pfF_12clap_builder6derive14FromArgMatches27update_from_arg_matches_muts1_0Bb_
FNF:5
FNH:1
DA:13,0
DA:16,0
DA:19,0
DA:24,0
DA:28,4
BRF:0
BRH:0
LF:5
LH:1
end_of_record
SF:/code/git-metrics/src/cmd/diff/format.rs
FN:13,_RINvMNtNtNtCsbwBEBaEzfvW_11git_metrics3cmd4diff6formatNtB3_13TextFormatter12format_entryINtNtB7_7prelude11BasicWriterINtNtCs2wnU2autU56_5alloc3vec3VechEEEB9_
FN:13,_RINvMNtNtNtCsbwBEBaEzfvW_11git_metrics3cmd4diff6formatNtB3_13TextFormatter12format_entryINtNtB7_7prelude11BasicWriterQINtNtCs2wnU2autU56_5alloc3vec3VechEEEB9_
FN:13,_RINvMNtNtNtCsbwBEBaEzfvW_11git_metrics3cmd4diff6formatNtB3_13TextFormatter12format_entryINtNtB7_7prelude13ColoredWriterQINtNtCs2wnU2autU56_5alloc3vec3VechEEEB9_
FN:61,_RINvMNtNtNtCsbwBEBaEzfvW_11git_metrics3cmd4diff6formatNtB3_13TextFormatter6formatINtNtB7_7prelude11BasicWriterINtNtCs2wnU2autU56_5alloc3vec3VechEEEB9_
FN:61,_RINvMNtNtNtCsbwBEBaEzfvW_11git_metrics3cmd4diff6formatNtB3_13TextFormatter6formatINtNtB7_7prelude11BasicWriterQINtNtCs2wnU2autU56_5alloc3vec3VechEEEB9_
FN:61,_RINvMNtNtNtCsbwBEBaEzfvW_11git_metrics3cmd4diff6formatNtB3_13TextFormatter6formatINtNtB7_7prelude13ColoredWriterQINtNtCs2wnU2autU56_5alloc3vec3VechEEEB9_
FN:83,_RNvNtNtNtNtCsbwBEBaEzfvW_11git_metrics3cmd4diff6format5testss_18should_format_text
FNDA:3,_RINvMNtNtNtCsbwBEBaEzfvW_11git_metrics3cmd4diff6formatNtB3_13TextFormatter12format_entryINtNtB7_7prelude11BasicWriterINtNtCs2wnU2autU56_5alloc3vec3VechEEEB9_
FNDA:6,_RINvMNtNtNtCsbwBEBaEzfvW_11git_metrics3cmd4diff6formatNtB3_13TextFormatter12format_entryINtNtB7_7prelude11BasicWriterQINtNtCs2wnU2autU56_5alloc3vec3VechEEEB9_
FNDA:18,_RINvMNtNtNtCsbwBEBaEzfvW_11git_metrics3cmd4diff6formatNtB3_13TextFormatter12format_entryINtNtB7_7prelude13ColoredWriterQINtNtCs2wnU2autU56_5alloc3vec3VechEEEB9_
FNDA:1,_RINvMNtNtNtCsbwBEBaEzfvW_11git_metrics3cmd4diff6formatNtB3_13TextFormatter6formatINtNtB7_7prelude11BasicWriterINtNtCs2wnU2autU56_5alloc3vec3VechEEEB9_
FNDA:2,_RINvMNtNtNtCsbwBEBaEzfvW_11git_metrics3cmd4diff6formatNtB3_13TextFormatter6formatINtNtB7_7prelude11BasicWriterQINtNtCs2wnU2autU56_5alloc3vec3VechEEEB9_
FNDA:6,_RINvMNtNtNtCsbwBEBaEzfvW_11git_metrics3cmd4diff6formatNtB3_13TextFormatter6formatINtNtB7_7prelude13ColoredWriterQINtNtCs2wnU2autU56_5alloc3vec3VechEEEB9_
FNDA:1,_RNvNtNtNtNtCsbwBEBaEzfvW_11git_metrics3cmd4diff6format5testss_18should_format_text
FNF:3
FNH:3
DA:13,27
DA:14,27
DA:15,27
DA:16,27
DA:17,27
DA:18,27
DA:19,1
DA:20,1
DA:21,1
DA:22,1
DA:23,1
DA:25,1
DA:26,1
DA:27,1
DA:28,1
DA:31,25
DA:32,25
DA:33,25
DA:34,25
DA:35,0
DA:36,0
DA:37,0
DA:40,25
DA:41,25
DA:42,25
DA:43,25
DA:44,25
DA:45,25
DA:46,25
DA:47,25
DA:48,25
DA:49,25
DA:50,25
DA:51,25
DA:52,25
DA:53,25
DA:54,0
DA:55,25
DA:57,0
DA:59,27
DA:61,9
DA:62,9
DA:63,9
DA:64,9
DA:65,9
DA:66,9
DA:67,27
DA:68,27
DA:69,27
DA:71,9
DA:72,9
DA:83,1
DA:84,1
DA:85,1
DA:86,1
DA:87,1
DA:88,1
DA:89,1
DA:90,1
DA:91,1
DA:92,1
DA:93,1
DA:94,1
DA:95,1
DA:96,1
DA:97,1
DA:98,1
DA:99,1
DA:100,1
DA:101,1
DA:102,1
DA:103,1
DA:104,1
DA:105,1
DA:106,1
DA:107,1
DA:108,1
BRF:0
BRH:0
LF:77
LH:72
end_of_record
SF:/code/git-metrics/src/cmd/diff/mod.rs
FN:13,_RNCNvXs1_NtNtCsbwBEBaEzfvW_11git_metrics3cmd4diffNtB7_11CommandDiffNtNtCs5tKP36R4pfF_12clap_builder6derive14FromArgMatches20from_arg_matches_mut0Bb_
FN:17,_RNCNvXs1_NtNtCsbwBEBaEzfvW_11git_metrics3cmd4diffNtB7_11CommandDiffNtNtCs5tKP36R4pfF_12clap_builder6derive14FromArgMatches20from_arg_matches_muts_0Bb_
FN:23,_RNCNvXs1_NtNtCsbwBEBaEzfvW_11git_metrics3cmd4diffNtB7_11CommandDiffNtNtCs5tKP36R4pfF_12clap_builder6derive14FromArgMatches20from_arg_matches_muts0_0Bb_
FN:27,_RINvXNtNtCsbwBEBaEzfvW_11git_metrics3cmd4diffNtB3_11CommandDiffNtB5_8Executor7executeNtNtNtB7_7backend4git211Git2BackendINtNtB5_7prelude11BasicWriterQINtNtCs2wnU2autU56_5alloc3vec3VechEEEB7_
FN:27,_RINvXNtNtCsbwBEBaEzfvW_11git_metrics3cmd4diffNtB3_11CommandDiffNtB5_8Executor7executeNtNtNtB7_7backend4git211Git2BackendINtNtB5_7prelude13ColoredWriterQINtNtCs2wnU2autU56_5alloc3vec3VechEEEB7_
FN:27,_RINvXNtNtCsbwBEBaEzfvW_11git_metrics3cmd4diffNtB3_11CommandDiffNtB5_8Executor7executeNtNtNtB7_7backend4mock11MockBackendINtNtB5_7prelude11BasicWriterQINtNtCs2wnU2autU56_5alloc3vec3VechEEEB7_
FN:27,_RINvXNtNtCsbwBEBaEzfvW_11git_metrics3cmd4diffNtB3_11CommandDiffNtB5_8Executor7executeNtNtNtB7_7backend4mock11MockBackendINtNtB5_7prelude13ColoredWriterQINtNtCs2wnU2autU56_5alloc3vec3VechEEEB7_
FN:27,_RINvXNtNtCsbwBEBaEzfvW_11git_metrics3cmd4diffNtB3_11CommandDiffNtB5_8Executor7executeNtNtNtB7_7backend7command14CommandBackendINtNtB5_7prelude11BasicWriterQINtNtCs2wnU2autU56_5alloc3vec3VechEEEB7_
FN:27,_RINvXNtNtCsbwBEBaEzfvW_11git_metrics3cmd4diffNtB3_11CommandDiffNtB5_8Executor7executeNtNtNtB7_7backend7command14CommandBackendINtNtB5_7prelude13ColoredWriterQINtNtCs2wnU2autU56_5alloc3vec3VechEEEB7_
FN:62,_RNvNtNtNtCsbwBEBaEzfvW_11git_metrics3cmd4diff5testss_18should_parse_range
FN:13,_RNCNvXs1_NtNtCsbwBEBaEzfvW_11git_metrics3cmd4diffNtB7_11CommandDiffNtNtCs5tKP36R4pfF_12clap_builder6derive14FromArgMatches27update_from_arg_matches_mut0Bb_
FN:17,_RNCNvXs1_NtNtCsbwBEBaEzfvW_11git_metrics3cmd4diffNtB7_11CommandDiffNtNtCs5tKP36R4pfF_12clap_builder6derive14FromArgMatches27update_from_arg_matches_muts_0Bb_
FN:23,_RNCNvXs1_NtNtCsbwBEBaEzfvW_11git_metrics3cmd4diffNtB7_11CommandDiffNtNtCs5tKP36R4pfF_12clap_builder6derive14FromArgMatches27update_from_arg_matches_muts0_0Bb_
FNDA:0,_RNCNvXs1_NtNtCsbwBEBaEzfvW_11git_metrics3cmd4diffNtB7_11CommandDiffNtNtCs5tKP36R4pfF_12clap_builder6derive14FromArgMatches20from_arg_matches_mut0Bb_
FNDA:0,_RNCNvXs1_NtNtCsbwBEBaEzfvW_11git_metrics3cmd4diffNtB7_11CommandDiffNtNtCs5tKP36R4pfF_12clap_builder6derive14FromArgMatches20from_arg_matches_muts_0Bb_
FNDA:0,_RNCNvXs1_NtNtCsbwBEBaEzfvW_11git_metrics3cmd4diffNtB7_11CommandDiffNtNtCs5tKP36R4pfF_12clap_builder6derive14FromArgMatches20from_arg_matches_muts0_0Bb_
FNDA:2,_RINvXNtNtCsbwBEBaEzfvW_11git_metrics3cmd4diffNtB3_11CommandDiffNtB5_8Executor7executeNtNtNtB7_7backend4git211Git2BackendINtNtB5_7prelude11BasicWriterQINtNtCs2wnU2autU56_5alloc3vec3VechEEEB7_
FNDA:3,_RINvXNtNtCsbwBEBaEzfvW_11git_metrics3cmd4diffNtB3_11CommandDiffNtB5_8Executor7executeNtNtNtB7_7backend4git211Git2BackendINtNtB5_7prelude13ColoredWriterQINtNtCs2wnU2autU56_5alloc3vec3VechEEEB7_
FNDA:0,_RINvXNtNtCsbwBEBaEzfvW_11git_metrics3cmd4diffNtB3_11CommandDiffNtB5_8Executor7executeNtNtNtB7_7backend4mock11MockBackendINtNtB5_7prelude11BasicWriterQINtNtCs2wnU2autU56_5alloc3vec3VechEEEB7_
FNDA:0,_RINvXNtNtCsbwBEBaEzfvW_11git_metrics3cmd4diffNtB3_11CommandDiffNtB5_8Executor7executeNtNtNtB7_7backend4mock11MockBackendINtNtB5_7prelude13ColoredWriterQINtNtCs2wnU2autU56_5alloc3vec3VechEEEB7_
FNDA:0,_RINvXNtNtCsbwBEBaEzfvW_11git_metrics3cmd4diffNtB3_11CommandDiffNtB5_8Executor7executeNtNtNtB7_7backend7command14CommandBackendINtNtB5_7prelude11BasicWriterQINtNtCs2wnU2autU56_5alloc3vec3VechEEEB7_
FNDA:3,_RINvXNtNtCsbwBEBaEzfvW_11git_metrics3cmd4diffNtB3_11CommandDiffNtB5_8Executor7executeNtNtNtB7_7backend7command14CommandBackendINtNtB5_7prelude13ColoredWriterQINtNtCs2wnU2autU56_5alloc3vec3VechEEEB7_
FNDA:1,_RNvNtNtNtCsbwBEBaEzfvW_11git_metrics3cmd4diff5testss_18should_parse_range
FNDA:0,_RNCNvXs1_NtNtCsbwBEBaEzfvW_11git_metrics3cmd4diffNtB7_11CommandDiffNtNtCs5tKP36R4pfF_12clap_builder6derive14FromArgMatches27update_from_arg_matches_mut0Bb_
FNDA:0,_RNCNvXs1_NtNtCsbwBEBaEzfvW_11git_metrics3cmd4diffNtB7_11CommandDiffNtNtCs5tKP36R4pfF_12clap_builder6derive14FromArgMatches27update_from_arg_matches_muts_0Bb_
FNDA:0,_RNCNvXs1_NtNtCsbwBEBaEzfvW_11git_metrics3cmd4diffNtB7_11CommandDiffNtNtCs5tKP36R4pfF_12clap_builder6derive14FromArgMatches27update_from_arg_matches_muts0_0Bb_
FNF:5
FNH:2
DA:13,0
DA:17,0
DA:23,0
DA:27,8
DA:62,1
DA:63,1
DA:64,1
DA:65,1
BRF:0
BRH:0
LF:8
LH:5
end_of_record
SF:/code/git-metrics/src/cmd/format/text.rs
FN:16,_RNvMNtNtNtCsbwBEBaEzfvW_11git_metrics3cmd6format4textNtB2_11TextPercent3newB8_
FN:21,_RNvMNtNtNtCsbwBEBaEzfvW_11git_metrics3cmd6format4textNtB2_11TextPercent9with_signB8_
FN:28,_RNvXs_NtNtNtCsbwBEBaEzfvW_11git_metrics3cmd6format4textNtB4_11TextPercentNtNtCs2ke5FKHNm4X_4core3fmt7Display3fmt
FN:43,_RNvMs0_NtNtNtCsbwBEBaEzfvW_11git_metrics3cmd6format4textNtB5_14TextMetricTags3newBb_
FN:49,_RNvXs1_NtNtNtCsbwBEBaEzfvW_11git_metrics3cmd6format4textNtB5_14TextMetricTagsNtNtCs2ke5FKHNm4X_4core3fmt7Display3fmt
FN:70,_RNvMs2_NtNtNtCsbwBEBaEzfvW_11git_metrics3cmd6format4textNtB5_16TextMetricHeader3newBb_
FN:76,_RINvXs3_NtNtNtCsbwBEBaEzfvW_11git_metrics3cmd6format4textNtB6_16TextMetricHeaderNtNtBa_7prelude13PrettyDisplay5printINtB1i_11BasicWriterINtNtCs2wnU2autU56_5alloc3vec3VechEEEBc_
FN:76,_RINvXs3_NtNtNtCsbwBEBaEzfvW_11git_metrics3cmd6format4textNtB6_16TextMetricHeaderNtNtBa_7prelude13PrettyDisplay5printINtB1i_11BasicWriterQINtNtCs2wnU2autU56_5alloc3vec3VechEEEBc_
FN:76,_RINvXs3_NtNtNtCsbwBEBaEzfvW_11git_metrics3cmd6format4textNtB6_16TextMetricHeaderNtNtBa_7prelude13PrettyDisplay5printINtB1i_13ColoredWriterQINtNtCs2wnU2autU56_5alloc3vec3VechEEEBc_
FN:92,_RNvMs4_NtNtNtCsbwBEBaEzfvW_11git_metrics3cmd6format4textNtB5_10TextMetric3newBb_
FN:98,_RINvXs5_NtNtNtCsbwBEBaEzfvW_11git_metrics3cmd6format4textNtB6_10TextMetricNtNtBa_7prelude13PrettyDisplay5printINtB1c_11BasicWriterINtNtCs2wnU2autU56_5alloc3vec3VechEEEBc_
FN:98,_RINvXs5_NtNtNtCsbwBEBaEzfvW_11git_metrics3cmd6format4textNtB6_10TextMetricNtNtBa_7prelude13PrettyDisplay5printINtB1c_11BasicWriterQINtNtCs2wnU2autU56_5alloc3vec3VechEEEBc_
FN:98,_RINvXs5_NtNtNtCsbwBEBaEzfvW_11git_metrics3cmd6format4textNtB6_10TextMetricNtNtBa_7prelude13PrettyDisplay5printINtB1c_13ColoredWriterQINtNtCs2wnU2autU56_5alloc3vec3VechEEEBc_
FN:111,_RNvNtNtNtNtCsbwBEBaEzfvW_11git_metrics3cmd6format4text5testss_37should_display_metric_with_single_tag
FN:123,_RNvNtNtNtNtCsbwBEBaEzfvW_11git_metrics3cmd6format4text5testss_40should_display_metric_with_multiple_tags
FN:137,_RNvNtNtNtNtCsbwBEBaEzfvW_11git_metrics3cmd6format4text5testss_37should_display_metric_with_empty_tags
FNDA:49,_RNvMNtNtNtCsbwBEBaEzfvW_11git_metrics3cmd6format4textNtB2_11TextPercent3newB8_
FNDA:41,_RNvMNtNtNtCsbwBEBaEzfvW_11git_metrics3cmd6format4textNtB2_11TextPercent9with_signB8_
FNDA:49,_RNvXs_NtNtNtCsbwBEBaEzfvW_11git_metrics3cmd6format4textNtB4_11TextPercentNtNtCs2ke5FKHNm4X_4core3fmt7Display3fmt
FNDA:107,_RNvMs0_NtNtNtCsbwBEBaEzfvW_11git_metrics3cmd6format4textNtB5_14TextMetricTags3newBb_
FNDA:107,_RNvXs1_NtNtNtCsbwBEBaEzfvW_11git_metrics3cmd6format4textNtB5_14TextMetricTagsNtNtCs2ke5FKHNm4X_4core3fmt7Display3fmt
FNDA:101,_RNvMs2_NtNtNtCsbwBEBaEzfvW_11git_metrics3cmd6format4textNtB5_16TextMetricHeader3newBb_
FNDA:21,_RINvXs3_NtNtNtCsbwBEBaEzfvW_11git_metrics3cmd6format4textNtB6_16TextMetricHeaderNtNtBa_7prelude13PrettyDisplay5printINtB1i_11BasicWriterINtNtCs2wnU2autU56_5alloc3vec3VechEEEBc_
FNDA:44,_RINvXs3_NtNtNtCsbwBEBaEzfvW_11git_metrics3cmd6format4textNtB6_16TextMetricHeaderNtNtBa_7prelude13PrettyDisplay5printINtB1i_11BasicWriterQINtNtCs2wnU2autU56_5alloc3vec3VechEEEBc_
FNDA:36,_RINvXs3_NtNtNtCsbwBEBaEzfvW_11git_metrics3cmd6format4textNtB6_16TextMetricHeaderNtNtBa_7prelude13PrettyDisplay5printINtB1i_13ColoredWriterQINtNtCs2wnU2autU56_5alloc3vec3VechEEEBc_
FNDA:23,_RNvMs4_NtNtNtCsbwBEBaEzfvW_11git_metrics3cmd6format4textNtB5_10TextMetric3newBb_
FNDA:3,_RINvXs5_NtNtNtCsbwBEBaEzfvW_11git_metrics3cmd6format4textNtB6_10TextMetricNtNtBa_7prelude13PrettyDisplay5printINtB1c_11BasicWriterINtNtCs2wnU2autU56_5alloc3vec3VechEEEBc_
FNDA:20,_RINvXs5_NtNtNtCsbwBEBaEzfvW_11git_metrics3cmd6format4textNtB6_10TextMetricNtNtBa_7prelude13PrettyDisplay5printINtB1c_11BasicWriterQINtNtCs2wnU2autU56_5alloc3vec3VechEEEBc_
FNDA:0,_RINvXs5_NtNtNtCsbwBEBaEzfvW_11git_metrics3cmd6format4textNtB6_10TextMetricNtNtBa_7prelude13PrettyDisplay5printINtB1c_13ColoredWriterQINtNtCs2wnU2autU56_5alloc3vec3VechEEEBc_
[...]
FN:40,_RINvXs_NvXNvNtCsbwBEBaEzfvW_11git_metrics7service1__NtBa_10MetricListNtNtCslI84mjRi2PN_5serde2de11Deserialize11deserializeNtB5_7___FieldB15_11deserializeINtNtB17_5value23BorrowedStrDeserializerNtNtCs6lm0jMM3zOD_9toml_edit2de5ErrorEEBc_
FN:40,_RINvXs_NvXNvNtCsbwBEBaEzfvW_11git_metrics7service1__NtBa_10MetricListNtNtCslI84mjRi2PN_5serde2de11Deserialize11deserializeNtB5_7___FieldB15_11deserializeNtNtNtCs6lm0jMM3zOD_9toml_edit2de3key15KeyDeserializerEBc_
FN:40,_RNvXs0_NvXNvNtCsbwBEBaEzfvW_11git_metrics7service1__NtBa_10MetricListNtNtCslI84mjRi2PN_5serde2de11Deserialize11deserializeNtB5_9___VisitorNtB17_7Visitor9expecting
FN:40,_RINvXs0_NvXNvNtCsbwBEBaEzfvW_11git_metrics7service1__NtBb_10MetricListNtNtCslI84mjRi2PN_5serde2de11Deserialize11deserializeNtB6_9___VisitorNtB18_7Visitor9visit_seqNtNtNtCs6lm0jMM3zOD_9toml_edit2de5array14ArraySeqAccessEBd_
FN:40,_RINvXs0_NvXNvNtCsbwBEBaEzfvW_11git_metrics7service1__NtBb_10MetricListNtNtCslI84mjRi2PN_5serde2de11Deserialize11deserializeNtB6_9___VisitorNtB18_7Visitor9visit_mapINtNtNtCs6lm0jMM3zOD_9toml_edit2de7spanned19SpannedDeserializerNtNtB2G_5value17ValueDeserializerEEBd_
FN:40,_RINvXs0_NvXNvNtCsbwBEBaEzfvW_11git_metrics7service1__NtBb_10MetricListNtNtCslI84mjRi2PN_5serde2de11Deserialize11deserializeNtB6_9___VisitorNtB18_7Visitor9visit_mapNtNtNtCs6lm0jMM3zOD_9toml_edit2de5table14TableMapAccessEBd_
FN:40,_RINvXs0_NvXNvNtCsbwBEBaEzfvW_11git_metrics7service1__NtBb_10MetricListNtNtCslI84mjRi2PN_5serde2de11Deserialize11deserializeNtB6_9___VisitorNtB18_7Visitor9visit_mapNtNtNtCs6lm0jMM3zOD_9toml_edit2de8datetime20DatetimeDeserializerEBd_
FN:52,_RINvXNvXNvNtCsbwBEBaEzfvW_11git_metrics7services0_1__NtB8_10ChangeListNtNtCslI84mjRi2PN_5serde2de11Deserialize11deserializeNtB3_14___FieldVisitorNtB18_7Visitor9visit_strNtNtCs6lm0jMM3zOD_9toml_edit2de5ErrorEBa_
FN:52,_RINvXs_NvXNvNtCsbwBEBaEzfvW_11git_metrics7services0_1__NtBa_10ChangeListNtNtCslI84mjRi2PN_5serde2de11Deserialize11deserializeNtB5_7___FieldB18_11deserializeINtNtB1a_5value23BorrowedStrDeserializerNtNtCs6lm0jMM3zOD_9toml_edit2de5ErrorEEBc_
FN:52,_RINvXs_NvXNvNtCsbwBEBaEzfvW_11git_metrics7services0_1__NtBa_10ChangeListNtNtCslI84mjRi2PN_5serde2de11Deserialize11deserializeNtB5_7___FieldB18_11deserializeNtNtNtCs6lm0jMM3zOD_9toml_edit2de3key15KeyDeserializerEBc_
FN:52,_RNvXs0_NvXNvNtCsbwBEBaEzfvW_11git_metrics7services0_1__NtBa_10ChangeListNtNtCslI84mjRi2PN_5serde2de11Deserialize11deserializeNtB5_9___VisitorNtB1a_7Visitor9expecting
FN:52,_RINvXs0_NvXNvNtCsbwBEBaEzfvW_11git_metrics7services0_1__NtBb_10ChangeListNtNtCslI84mjRi2PN_5serde2de11Deserialize11deserializeNtB6_9___VisitorNtB1b_7Visitor9visit_seqNtNtNtCs6lm0jMM3zOD_9toml_edit2de5array14ArraySeqAccessEBd_
FN:52,_RINvXs0_NvXNvNtCsbwBEBaEzfvW_11git_metrics7services0_1__NtBb_10ChangeListNtNtCslI84mjRi2PN_5serde2de11Deserialize11deserializeNtB6_9___VisitorNtB1b_7Visitor9visit_mapINtNtNtCs6lm0jMM3zOD_9toml_edit2de7spanned19SpannedDeserializerNtNtB2J_5value17ValueDeserializerEEBd_
FN:52,_RINvXs0_NvXNvNtCsbwBEBaEzfvW_11git_metrics7services0_1__NtBb_10ChangeListNtNtCslI84mjRi2PN_5serde2de11Deserialize11deserializeNtB6_9___VisitorNtB1b_7Visitor9visit_mapNtNtNtCs6lm0jMM3zOD_9toml_edit2de5table14TableMapAccessEBd_
FN:52,_RINvXs0_NvXNvNtCsbwBEBaEzfvW_11git_metrics7services0_1__NtBb_10ChangeListNtNtCslI84mjRi2PN_5serde2de11Deserialize11deserializeNtB6_9___VisitorNtB1b_7Visitor9visit_mapNtNtNtCs6lm0jMM3zOD_9toml_edit2de8datetime20DatetimeDeserializerEBd_
FN:13,_RNvXs3_NtCsbwBEBaEzfvW_11git_metrics7serviceNtB5_5ErrorNtNtCs2ke5FKHNm4X_4core5error5Error6source
FN:40,_RNvXNvXNvNtCsbwBEBaEzfvW_11git_metrics7service1__NtB7_10MetricListNtNtCslI84mjRi2PN_5serde2de11Deserialize11deserializeNtB2_14___FieldVisitorNtB14_7Visitor9expecting
FN:40,_RINvXNvXNvNtCsbwBEBaEzfvW_11git_metrics7service1__NtB8_10MetricListNtNtCslI84mjRi2PN_5serde2de11Deserialize11deserializeNtB3_14___FieldVisitorNtB15_7Visitor9visit_u64pEBa_
FN:40,_RINvXNvXNvNtCsbwBEBaEzfvW_11git_metrics7service1__NtB8_10MetricListNtNtCslI84mjRi2PN_5serde2de11Deserialize11deserializeNtB3_14___FieldVisitorNtB15_7Visitor11visit_bytespEBa_
FN:47,_RNvXs0_NtCsbwBEBaEzfvW_11git_metrics7serviceNtB5_10MetricListINtNtCs2ke5FKHNm4X_4core7convert4FromINtNtCs2wnU2autU56_5alloc3vec3VecNtNtNtB7_6entity6metric6MetricEE4from
FN:52,_RNvXNvXNvNtCsbwBEBaEzfvW_11git_metrics7services0_1__NtB7_10ChangeListNtNtCslI84mjRi2PN_5serde2de11Deserialize11deserializeNtB2_14___FieldVisitorNtB17_7Visitor9expecting
FN:52,_RINvXNvXNvNtCsbwBEBaEzfvW_11git_metrics7services0_1__NtB8_10ChangeListNtNtCslI84mjRi2PN_5serde2de11Deserialize11deserializeNtB3_14___FieldVisitorNtB18_7Visitor9visit_u64pEBa_
FN:52,_RINvXNvXNvNtCsbwBEBaEzfvW_11git_metrics7services0_1__NtB8_10ChangeListNtNtCslI84mjRi2PN_5serde2de11Deserialize11deserializeNtB3_14___FieldVisitorNtB18_7Visitor11visit_bytespEBa_
FNDA:1,_RNvXNtCsbwBEBaEzfvW_11git_metrics7serviceNtB2_5ErrorINtNtCs2ke5FKHNm4X_4core7convert4FromNtNtNtB4_7backend4git25ErrorE4fromB4_
FNDA:0,_RNvXNtCsbwBEBaEzfvW_11git_metrics7serviceNtB2_5ErrorINtNtCs2ke5FKHNm4X_4core7convert4FromNtNtNtB4_7backend4mock5ErrorE4fromB4_
FNDA:1,_RNvXNtCsbwBEBaEzfvW_11git_metrics7serviceNtB2_5ErrorINtNtCs2ke5FKHNm4X_4core7convert4FromNtNtNtB4_7backend7command5ErrorE4fromB4_
FNDA:2,_RNvXs_NtCsbwBEBaEzfvW_11git_metrics7serviceNtB4_5ErrorNtNtB6_5error13DetailedError7details
FNDA:53,_RNvMs1_NtCsbwBEBaEzfvW_11git_metrics7serviceINtB5_7ServiceNtNtNtB7_7backend4git211Git2BackendE3newB7_
FNDA:10,_RNvMs1_NtCsbwBEBaEzfvW_11git_metrics7serviceINtB5_7ServiceNtNtNtB7_7backend4mock11MockBackendE3newB7_
FNDA:35,_RNvMs1_NtCsbwBEBaEzfvW_11git_metrics7serviceINtB5_7ServiceNtNtNtB7_7backend7command14CommandBackendE3newB7_
FNDA:28,_RNvMs1_NtCsbwBEBaEzfvW_11git_metrics7serviceINtB5_7ServiceNtNtNtB7_7backend4git211Git2BackendE18set_metric_changesB7_
FNDA:3,_RNvMs1_NtCsbwBEBaEzfvW_11git_metrics7serviceINtB5_7ServiceNtNtNtB7_7backend4mock11MockBackendE18set_metric_changesB7_
FNDA:14,_RNvMs1_NtCsbwBEBaEzfvW_11git_metrics7serviceINtB5_7ServiceNtNtNtB7_7backend7command14CommandBackendE18set_metric_changesB7_
FNDA:67,_RNvMs1_NtCsbwBEBaEzfvW_11git_metrics7serviceINtB5_7ServiceNtNtNtB7_7backend4git211Git2BackendE18get_metric_changesB7_
FNDA:23,_RNvMs1_NtCsbwBEBaEzfvW_11git_metrics7serviceINtB5_7ServiceNtNtNtB7_7backend4mock11MockBackendE18get_metric_changesB7_
FNDA:42,_RNvMs1_NtCsbwBEBaEzfvW_11git_metrics7serviceINtB5_7ServiceNtNtNtB7_7backend7command14CommandBackendE18get_metric_changesB7_
FNDA:42,_RNCNvMs1_NtCsbwBEBaEzfvW_11git_metrics7serviceINtB7_7ServiceNtNtNtB9_7backend4git211Git2BackendE18get_metric_changes0B9_
FNDA:1,_RNCNvMs1_NtCsbwBEBaEzfvW_11git_metrics7serviceINtB7_7ServiceNtNtNtB9_7backend4mock11MockBackendE18get_metric_changes0B9_
FNDA:26,_RNCNvMs1_NtCsbwBEBaEzfvW_11git_metrics7serviceINtB7_7ServiceNtNtNtB9_7backend7command14CommandBackendE18get_metric_changes0B9_
FNDA:33,_RNvMs1_NtCsbwBEBaEzfvW_11git_metrics7serviceINtB5_7ServiceNtNtNtB7_7backend4git211Git2BackendE11get_metricsB7_
FNDA:20,_RNvMs1_NtCsbwBEBaEzfvW_11git_metrics7serviceINtB5_7ServiceNtNtNtB7_7backend4mock11MockBackendE11get_metricsB7_
FNDA:24,_RNvMs1_NtCsbwBEBaEzfvW_11git_metrics7serviceINtB5_7ServiceNtNtNtB7_7backend7command14CommandBackendE11get_metricsB7_
FNDA:15,_RNCNvMs1_NtCsbwBEBaEzfvW_11git_metrics7serviceINtB7_7ServiceNtNtNtB9_7backend4git211Git2BackendE11get_metrics0B9_
FNDA:11,_RNCNvMs1_NtCsbwBEBaEzfvW_11git_metrics7serviceINtB7_7ServiceNtNtNtB9_7backend4mock11MockBackendE11get_metrics0B9_
FNDA:11,_RNCNvMs1_NtCsbwBEBaEzfvW_11git_metrics7serviceINtB7_7ServiceNtNtNtB9_7backend7command14CommandBackendE11get_metrics0B9_
FNDA:6,_RNvMs1_NtCsbwBEBaEzfvW_11git_metrics7serviceINtB5_7ServiceNtNtNtB7_7backend4git211Git2BackendE19set_metrics_for_refB7_
FNDA:0,_RNvMs1_NtCsbwBEBaEzfvW_11git_metrics7serviceINtB5_7ServiceNtNtNtB7_7backend4mock11MockBackendE19set_metrics_for_refB7_
FNDA:4,_RNvMs1_NtCsbwBEBaEzfvW_11git_metrics7serviceINtB5_7ServiceNtNtNtB7_7backend7command14CommandBackendE19set_metrics_for_refB7_
FNDA:2,_RNvXs4_NtCsbwBEBaEzfvW_11git_metrics7serviceNtB5_5ErrorNtNtCs2ke5FKHNm4X_4core3fmt7Display3fmt
FNDA:0,_RNvXs5_NtCsbwBEBaEzfvW_11git_metrics7serviceNtB5_5ErrorINtNtCs2ke5FKHNm4X_4core7convert4FromNtNtNtCsdxE0gjJwg7i_3std2io5error5ErrorE4from
FNDA:0,_RNvXs6_NtCsbwBEBaEzfvW_11git_metrics7serviceNtB5_5ErrorINtNtCs2ke5FKHNm4X_4core7convert4FromNtNtB7_8importer5ErrorE4from
FNDA:36,_RINvXNvXNvNtCsbwBEBaEzfvW_11git_metrics7service1__NtB8_10MetricListNtNtCslI84mjRi2PN_5serde2de11Deserialize11deserializeNtB3_14___FieldVisitorNtB15_7Visitor9visit_strNtNtCs6lm0jMM3zOD_9toml_edit2de5ErrorEBa_
FNDA:0,_RINvXs_NvXNvNtCsbwBEBaEzfvW_11git_metrics7service1__NtBa_10MetricListNtNtCslI84mjRi2PN_5serde2de11Deserialize11deserializeNtB5_7___FieldB15_11deserializeINtNtB17_5value23BorrowedStrDeserializerNtNtCs6lm0jMM3zOD_9toml_edit2de5ErrorEEBc_
FNDA:36,_RINvXs_NvXNvNtCsbwBEBaEzfvW_11git_metrics7service1__NtBa_10MetricListNtNtCslI84mjRi2PN_5serde2de11Deserialize11deserializeNtB5_7___FieldB15_11deserializeNtNtNtCs6lm0jMM3zOD_9toml_edit2de3key15KeyDeserializerEBc_
FNDA:0,_RNvXs0_NvXNvNtCsbwBEBaEzfvW_11git_metrics7service1__NtBa_10MetricListNtNtCslI84mjRi2PN_5serde2de11Deserialize11deserializeNtB5_9___VisitorNtB17_7Visitor9expecting
FNDA:0,_RINvXs0_NvXNvNtCsbwBEBaEzfvW_11git_metrics7service1__NtBb_10MetricListNtNtCslI84mjRi2PN_5serde2de11Deserialize11deserializeNtB6_9___VisitorNtB18_7Visitor9visit_seqNtNtNtCs6lm0jMM3zOD_9toml_edit2de5array14ArraySeqAccessEBd_
FNDA:0,_RINvXs0_NvXNvNtCsbwBEBaEzfvW_11git_metrics7service1__NtBb_10MetricListNtNtCslI84mjRi2PN_5serde2de11Deserialize11deserializeNtB6_9___VisitorNtB18_7Visitor9visit_mapINtNtNtCs6lm0jMM3zOD_9toml_edit2de7spanned19SpannedDeserializerNtNtB2G_5value17ValueDeserializerEEBd_
FNDA:37,_RINvXs0_NvXNvNtCsbwBEBaEzfvW_11git_metrics7service1__NtBb_10MetricListNtNtCslI84mjRi2PN_5serde2de11Deserialize11deserializeNtB6_9___VisitorNtB18_7Visitor9visit_mapNtNtNtCs6lm0jMM3zOD_9toml_edit2de5table14TableMapAccessEBd_
FNDA:0,_RINvXs0_NvXNvNtCsbwBEBaEzfvW_11git_metrics7service1__NtBb_10MetricListNtNtCslI84mjRi2PN_5serde2de11Deserialize11deserializeNtB6_9___VisitorNtB18_7Visitor9visit_mapNtNtNtCs6lm0jMM3zOD_9toml_edit2de8datetime20DatetimeDeserializerEBd_
FNDA:69,_RINvXNvXNvNtCsbwBEBaEzfvW_11git_metrics7services0_1__NtB8_10ChangeListNtNtCslI84mjRi2PN_5serde2de11Deserialize11deserializeNtB3_14___FieldVisitorNtB18_7Visitor9visit_strNtNtCs6lm0jMM3zOD_9toml_edit2de5ErrorEBa_
FNDA:0,_RINvXs_NvXNvNtCsbwBEBaEzfvW_11git_metrics7services0_1__NtBa_10ChangeListNtNtCslI84mjRi2PN_5serde2de11Deserialize11deserializeNtB5_7___FieldB18_11deserializeINtNtB1a_5value23BorrowedStrDeserializerNtNtCs6lm0jMM3zOD_9toml_edit2de5ErrorEEBc_
FNDA:69,_RINvXs_NvXNvNtCsbwBEBaEzfvW_11git_metrics7services0_1__NtBa_10ChangeListNtNtCslI84mjRi2PN_5serde2de11Deserialize11deserializeNtB5_7___FieldB18_11deserializeNtNtNtCs6lm0jMM3zOD_9toml_edit2de3key15KeyDeserializerEBc_
FNDA:0,_RNvXs0_NvXNvNtCsbwBEBaEzfvW_11git_metrics7services0_1__NtBa_10ChangeListNtNtCslI84mjRi2PN_5serde2de11Deserialize11deserializeNtB5_9___VisitorNtB1a_7Visitor9expecting
FNDA:0,_RINvXs0_NvXNvNtCsbwBEBaEzfvW_11git_metrics7services0_1__NtBb_10ChangeListNtNtCslI84mjRi2PN_5serde2de11Deserialize11deserializeNtB6_9___VisitorNtB1b_7Visitor9visit_seqNtNtNtCs6lm0jMM3zOD_9toml_edit2de5array14ArraySeqAccessEBd_
FNDA:0,_RINvXs0_NvXNvNtCsbwBEBaEzfvW_11git_metrics7services0_1__NtBb_10ChangeListNtNtCslI84mjRi2PN_5serde2de11Deserialize11deserializeNtB6_9___VisitorNtB1b_7Visitor9visit_mapINtNtNtCs6lm0jMM3zOD_9toml_edit2de7spanned19SpannedDeserializerNtNtB2J_5value17ValueDeserializerEEBd_
FNDA:69,_RINvXs0_NvXNvNtCsbwBEBaEzfvW_11git_metrics7services0_1__NtBb_10ChangeListNtNtCslI84mjRi2PN_5serde2de11Deserialize11deserializeNtB6_9___VisitorNtB1b_7Visitor9visit_mapNtNtNtCs6lm0jMM3zOD_9toml_edit2de5table14TableMapAccessEBd_
FNDA:0,_RINvXs0_NvXNvNtCsbwBEBaEzfvW_11git_metrics7services0_1__NtBb_10ChangeListNtNtCslI84mjRi2PN_5serde2de11Deserialize11deserializeNtB6_9___VisitorNtB1b_7Visitor9visit_mapNtNtNtCs6lm0jMM3zOD_9toml_edit2de8datetime20DatetimeDeserializerEBd_
FNDA:0,_RNvXs3_NtCsbwBEBaEzfvW_11git_metrics7serviceNtB5_5ErrorNtNtCs2ke5FKHNm4X_4core5error5Error6source
FNDA:0,_RNvXNvXNvNtCsbwBEBaEzfvW_11git_metrics7service1__NtB7_10MetricListNtNtCslI84mjRi2PN_5serde2de11Deserialize11deserializeNtB2_14___FieldVisitorNtB14_7Visitor9expecting
FNDA:0,_RINvXNvXNvNtCsbwBEBaEzfvW_11git_metrics7service1__NtB8_10MetricListNtNtCslI84mjRi2PN_5serde2de11Deserialize11deserializeNtB3_14___FieldVisitorNtB15_7Visitor9visit_u64pEBa_
FNDA:0,_RINvXNvXNvNtCsbwBEBaEzfvW_11git_metrics7service1__NtB8_10MetricListNtNtCslI84mjRi2PN_5serde2de11Deserialize11deserializeNtB3_14___FieldVisitorNtB15_7Visitor11visit_bytespEBa_
FNDA:0,_RNvXs0_NtCsbwBEBaEzfvW_11git_metrics7serviceNtB5_10MetricListINtNtCs2ke5FKHNm4X_4core7convert4FromINtNtCs2wnU2autU56_5alloc3vec3VecNtNtNtB7_6entity6metric6MetricEE4from
FNDA:0,_RNvXNvXNvNtCsbwBEBaEzfvW_11git_metrics7services0_1__NtB7_10ChangeListNtNtCslI84mjRi2PN_5serde2de11Deserialize11deserializeNtB2_14___FieldVisitorNtB17_7Visitor9expecting
FNDA:0,_RINvXNvXNvNtCsbwBEBaEzfvW_11git_metrics7services0_1__NtB8_10ChangeListNtNtCslI84mjRi2PN_5serde2de11Deserialize11deserializeNtB3_14___FieldVisitorNtB18_7Visitor9visit_u64pEBa_
FNDA:0,_RINvXNvXNvNtCsbwBEBaEzfvW_11git_metrics7services0_1__NtB8_10ChangeListNtNtCslI84mjRi2PN_5serde2de11Deserialize11deserializeNtB3_14___FieldVisitorNtB18_7Visitor11visit_bytespEBa_
FNF:13
FNH:12
DA:13,2
DA:25,2
DA:26,2
DA:27,2
DA:31,2
DA:32,2
DA:33,0
DA:34,2
DA:35,0
DA:37,2
DA:40,73
DA:47,0
DA:48,0
DA:49,0
DA:52,138
DA:63,98
DA:64,98
DA:65,98
DA:67,45
DA:68,45
DA:69,45
DA:70,45
DA:71,45
DA:72,45
DA:73,45
DA:74,45
DA:75,45
DA:76,45
DA:78,132
DA:79,132
DA:80,132
DA:81,132
DA:82,132
DA:83,132
DA:84,132
DA:86,77
DA:87,77
DA:88,77
DA:89,77
DA:90,77
DA:91,77
DA:92,77
DA:93,77
DA:94,77
DA:95,77
DA:97,77
DA:99,77
DA:100,77
DA:101,77
DA:103,10
DA:104,10
DA:105,10
DA:106,10
DA:107,10
DA:108,10
DA:109,10
DA:110,10
DA:111,10
DA:112,10
BRF:0
BRH:0
LF:61
LH:56
end_of_record
SF:/code/git-metrics/src/service/pull.rs
FN:9,_RNvMNtNtCsbwBEBaEzfvW_11git_metrics7service4pullINtB4_7ServiceNtNtNtB6_7backend4git211Git2BackendE4pullB6_
FN:9,_RNvMNtNtCsbwBEBaEzfvW_11git_metrics7service4pullINtB4_7ServiceNtNtNtB6_7backend4mock11MockBackendE4pullB6_
FN:9,_RNvMNtNtCsbwBEBaEzfvW_11git_metrics7service4pullINtB4_7ServiceNtNtNtB6_7backend7command14CommandBackendE4pullB6_
FNDA:6,_RNvMNtNtCsbwBEBaEzfvW_11git_metrics7service4pullINtB4_7ServiceNtNtNtB6_7backend4git211Git2BackendE4pullB6_
FNDA:0,_RNvMNtNtCsbwBEBaEzfvW_11git_metrics7service4pullINtB4_7ServiceNtNtNtB6_7backend4mock11MockBackendE4pullB6_
FNDA:6,_RNvMNtNtCsbwBEBaEzfvW_11git_metrics7service4pullINtB4_7ServiceNtNtNtB6_7backend7command14CommandBackendE4pullB6_
FNF:1
FNH:1
DA:9,12
DA:10,12
DA:11,12
DA:12,12
DA:13,12
BRF:0
BRH:0
LF:5
LH:5
end_of_record
SF:/code/git-metrics/src/service/push.rs
FN:7,_RNvMNtNtCsbwBEBaEzfvW_11git_metrics7service4pushINtB4_7ServiceNtNtNtB6_7backend4git211Git2BackendE18prune_notes_in_refB6_
FN:7,_RNvMNtNtCsbwBEBaEzfvW_11git_metrics7service4pushINtB4_7ServiceNtNtNtB6_7backend4mock11MockBackendE18prune_notes_in_refB6_
FN:7,_RNvMNtNtCsbwBEBaEzfvW_11git_metrics7service4pushINtB4_7ServiceNtNtNtB6_7backend7command14CommandBackendE18prune_notes_in_refB6_
FN:22,_RNvMs_NtNtCsbwBEBaEzfvW_11git_metrics7service4pushINtB6_7ServiceNtNtNtB8_7backend4git211Git2BackendE4pushB8_
FN:22,_RNvMs_NtNtCsbwBEBaEzfvW_11git_metrics7service4pushINtB6_7ServiceNtNtNtB8_7backend4mock11MockBackendE4pushB8_
FN:22,_RNvMs_NtNtCsbwBEBaEzfvW_11git_metrics7service4pushINtB6_7ServiceNtNtNtB8_7backend7command14CommandBackendE4pushB8_
FN:26,_RNCNvMs_NtNtCsbwBEBaEzfvW_11git_metrics7service4pushINtB8_7ServiceNtNtNtBa_7backend4git211Git2BackendE4push0Ba_
FN:26,_RNCNvMs_NtNtCsbwBEBaEzfvW_11git_metrics7service4pushINtB8_7ServiceNtNtNtBa_7backend4mock11MockBackendE4push0Ba_
FN:26,_RNCNvMs_NtNtCsbwBEBaEzfvW_11git_metrics7service4pushINtB8_7ServiceNtNtNtBa_7backend7command14CommandBackendE4push0Ba_
FN:30,_RNCNvMs_NtNtCsbwBEBaEzfvW_11git_metrics7service4pushINtB8_7ServiceNtNtNtBa_7backend4git211Git2BackendE4pushs_0Ba_
FN:30,_RNCNvMs_NtNtCsbwBEBaEzfvW_11git_metrics7service4pushINtB8_7ServiceNtNtNtBa_7backend4mock11MockBackendE4pushs_0Ba_
FN:30,_RNCNvMs_NtNtCsbwBEBaEzfvW_11git_metrics7service4pushINtB8_7ServiceNtNtNtBa_7backend7command14CommandBackendE4pushs_0Ba_
FNDA:5,_RNvMNtNtCsbwBEBaEzfvW_11git_metrics7service4pushINtB4_7ServiceNtNtNtB6_7backend4git211Git2BackendE18prune_notes_in_refB6_
FNDA:0,_RNvMNtNtCsbwBEBaEzfvW_11git_metrics7service4pushINtB4_7ServiceNtNtNtB6_7backend4mock11MockBackendE18prune_notes_in_refB6_
FNDA:3,_RNvMNtNtCsbwBEBaEzfvW_11git_metrics7service4pushINtB4_7ServiceNtNtNtB6_7backend7command14CommandBackendE18prune_notes_in_refB6_
FNDA:6,_RNvMs_NtNtCsbwBEBaEzfvW_11git_metrics7service4pushINtB6_7ServiceNtNtNtB8_7backend4git211Git2BackendE4pushB8_
FNDA:0,_RNvMs_NtNtCsbwBEBaEzfvW_11git_metrics7service4pushINtB6_7ServiceNtNtNtB8_7backend4mock11MockBackendE4pushB8_
FNDA:4,_RNvMs_NtNtCsbwBEBaEzfvW_11git_metrics7service4pushINtB6_7ServiceNtNtNtB8_7backend7command14CommandBackendE4pushB8_
FNDA:6,_RNCNvMs_NtNtCsbwBEBaEzfvW_11git_metrics7service4pushINtB8_7ServiceNtNtNtBa_7backend4git211Git2BackendE4push0Ba_
FNDA:0,_RNCNvMs_NtNtCsbwBEBaEzfvW_11git_metrics7service4pushINtB8_7ServiceNtNtNtBa_7backend4mock11MockBackendE4push0Ba_
FNDA:4,_RNCNvMs_NtNtCsbwBEBaEzfvW_11git_metrics7service4pushINtB8_7ServiceNtNtNtBa_7backend7command14CommandBackendE4push0Ba_
FNDA:0,_RNCNvMs_NtNtCsbwBEBaEzfvW_11git_metrics7service4pushINtB8_7ServiceNtNtNtBa_7backend4git211Git2BackendE4pushs_0Ba_
FNDA:0,_RNCNvMs_NtNtCsbwBEBaEzfvW_11git_metrics7service4pushINtB8_7ServiceNtNtNtBa_7backend4mock11MockBackendE4pushs_0Ba_
FNDA:0,_RNCNvMs_NtNtCsbwBEBaEzfvW_11git_metrics7service4pushINtB8_7ServiceNtNtNtBa_7backend7command14CommandBackendE4pushs_0Ba_
FNF:4
FNH:3
DA:7,8
DA:8,8
DA:9,16
DA:10,8
DA:12,8
DA:13,8
DA:22,10
DA:23,10
DA:24,10
DA:26,10
DA:27,10
DA:28,10
DA:29,10
DA:30,10
DA:31,10
DA:33,10
DA:35,10
DA:36,10
DA:37,10
DA:38,10
DA:39,10
DA:40,0
DA:43,10
DA:44,8
DA:46,8
DA:47,10
BRF:0
BRH:0
LF:28
LH:26
end_of_record
SF:/code/git-metrics/src/service/remove.rs
FN:10,_RNvMNtNtCsbwBEBaEzfvW_11git_metrics7service6removeINtB4_7ServiceNtNtNtB6_7backend4git211Git2BackendE6removeB6_
FN:10,_RNvMNtNtCsbwBEBaEzfvW_11git_metrics7service6removeINtB4_7ServiceNtNtNtB6_7backend4mock11MockBackendE6removeB6_
FN:10,_RNvMNtNtCsbwBEBaEzfvW_11git_metrics7service6removeINtB4_7ServiceNtNtNtB6_7backend7command14CommandBackendE6removeB6_
FNDA:0,_RNvMNtNtCsbwBEBaEzfvW_11git_metrics7service6removeINtB4_7ServiceNtNtNtB6_7backend4git211Git2BackendE6removeB6_
FNDA:1,_RNvMNtNtCsbwBEBaEzfvW_11git_metrics7service6removeINtB4_7ServiceNtNtNtB6_7backend4mock11MockBackendE6removeB6_
FNDA:0,_RNvMNtNtCsbwBEBaEzfvW_11git_metrics7service6removeINtB4_7ServiceNtNtNtB6_7backend7command14CommandBackendE6removeB6_
FNF:1
FNH:1
DA:10,1
DA:11,1
DA:12,1
DA:13,0
DA:14,0
DA:15,0
DA:16,0
DA:17,0
DA:18,0
DA:19,1
DA:21,1
DA:22,1
BRF:0
BRH:0
LF:12
LH:6
end_of_record
SF:/code/git-metrics/src/service/show.rs
FN:10,_RNvMNtNtCsbwBEBaEzfvW_11git_metrics7service4showINtB4_7ServiceNtNtNtB6_7backend4git211Git2BackendE4showB6_
FN:10,_RNvMNtNtCsbwBEBaEzfvW_11git_metrics7service4showINtB4_7ServiceNtNtNtB6_7backend4mock11MockBackendE4showB6_
FN:10,_RNvMNtNtCsbwBEBaEzfvW_11git_metrics7service4showINtB4_7ServiceNtNtNtB6_7backend7command14CommandBackendE4showB6_
FNDA:5,_RNvMNtNtCsbwBEBaEzfvW_11git_metrics7service4showINtB4_7ServiceNtNtNtB6_7backend4git211Git2BackendE4showB6_
FNDA:2,_RNvMNtNtCsbwBEBaEzfvW_11git_metrics7service4showINtB4_7ServiceNtNtNtB6_7backend4mock11MockBackendE4showB6_
FNDA:5,_RNvMNtNtCsbwBEBaEzfvW_11git_metrics7service4showINtB4_7ServiceNtNtNtB6_7backend7command14CommandBackendE4showB6_
FNF:1
FNH:1
DA:10,12
DA:11,12
DA:12,12
BRF:0
BRH:0
LF:3
LH:3
end_of_record
